This is pdfTeX, Version 3.141592653-2.6-1.40.25 (TeX Live 2023/Debian) (preloaded format=pdflatex 2025.11.4)  11 MAY 2026 17:21
entering extended mode
 restricted \write18 enabled.
 %&-line parsing enabled.
**cover.tex
(./cover.tex
LaTeX2e <2023-11-01> patch level 1
L3 programming layer <2024-01-22>

! LaTeX Error: Missing \begin{document}.

See the LaTeX manual or LaTeX Companion for explanation.
Type  H <return>  for immediate help.
 ...                                              
                                                  
l.7 \begin{center}
                  
You're in trouble here.  Try typing  <return>  to proceed.
If that doesn't work, type  X <return>  to quit.


Overfull \hbox (20.0pt too wide) in paragraph at lines 7--7
[] 
 []


! LaTeX Error: Environment tikzpicture undefined.

See the LaTeX manual or LaTeX Companion for explanation.
Type  H <return>  for immediate help.
 ...                                              
                                                  
l.8 	\begin{tikzpicture}
                        [overlay,remember picture]
Your command was ignored.
Type  I <command> <return>  to replace it with another command,
or  <return>  to continue without it.

Missing character: There is no [ in font nullfont!
Missing character: There is no o in font nullfont!
Missing character: There is no v in font nullfont!
Missing character: There is no e in font nullfont!
Missing character: There is no r in font nullfont!
Missing character: There is no l in font nullfont!
Missing character: There is no a in font nullfont!
Missing character: There is no y in font nullfont!
Missing character: There is no , in font nullfont!
Missing character: There is no r in font nullfont!
Missing character: There is no e in font nullfont!
Missing character: There is no m in font nullfont!
Missing character: There is no e in font nullfont!
Missing character: There is no m in font nullfont!
Missing character: There is no b in font nullfont!
Missing character: There is no e in font nullfont!
Missing character: There is no r in font nullfont!
Missing character: There is no p in font nullfont!
Missing character: There is no i in font nullfont!
Missing character: There is no c in font nullfont!
Missing character: There is no t in font nullfont!
Missing character: There is no u in font nullfont!
Missing character: There is no r in font nullfont!
Missing character: There is no e in font nullfont!
Missing character: There is no ] in font nullfont!
! Undefined control sequence.
l.9 		\draw
            [line width=3pt,rounded corners=0pt,
The control sequence at the end of the top line
of your error message was never \def'ed. If you have
misspelled it (e.g., `\hobx'), type `I' and the correct
spelling (e.g., `I\hbox'). Otherwise just continue,
and I'll forget about whatever was undefined.

Missing character: There is no [ in font nullfont!
Missing character: There is no l in font nullfont!
Missing character: There is no i in font nullfont!
Missing character: There is no n in font nullfont!
Missing character: There is no e in font nullfont!
Missing character: There is no w in font nullfont!
Missing character: There is no i in font nullfont!
Missing character: There is no d in font nullfont!
Missing character: There is no t in font nullfont!
Missing character: There is no h in font nullfont!
Missing character: There is no = in font nullfont!
Missing character: There is no 3 in font nullfont!
Missing character: There is no p in font nullfont!
Missing character: There is no t in font nullfont!
Missing character: There is no , in font nullfont!
Missing character: There is no r in font nullfont!
Missing character: There is no o in font nullfont!
Missing character: There is no u in font nullfont!
Missing character: There is no n in font nullfont!
Missing character: There is no d in font nullfont!
Missing character: There is no e in font nullfont!
Missing character: There is no d in font nullfont!
Missing character: There is no c in font nullfont!
Missing character: There is no o in font nullfont!
Missing character: There is no r in font nullfont!
Missing character: There is no n in font nullfont!
Missing character: There is no e in font nullfont!
Missing character: There is no r in font nullfont!
Missing character: There is no s in font nullfont!
Missing character: There is no = in font nullfont!
Missing character: There is no 0 in font nullfont!
Missing character: There is no p in font nullfont!
Missing character: There is no t in font nullfont!
Missing character: There is no , in font nullfont!
Missing character: There is no ] in font nullfont!
Missing character: There is no ( in font nullfont!
LaTeX Font Info:    External font `cmex10' loaded for size
(Font)              <7> on input line 11.
LaTeX Font Info:    External font `cmex10' loaded for size
(Font)              <5> on input line 11.
Missing character: There is no ) in font nullfont!
Missing character: There is no r in font nullfont!
Missing character: There is no e in font nullfont!
Missing character: There is no c in font nullfont!
Missing character: There is no t in font nullfont!
Missing character: There is no a in font nullfont!
Missing character: There is no n in font nullfont!
Missing character: There is no g in font nullfont!
Missing character: There is no l in font nullfont!
Missing character: There is no e in font nullfont!
Missing character: There is no ( in font nullfont!
Missing character: There is no ) in font nullfont!
Missing character: There is no ; in font nullfont!
! Undefined control sequence.
l.14 		\draw
             [line width=1pt,rounded corners=0pt]
The control sequence at the end of the top line
of your error message was never \def'ed. If you have
misspelled it (e.g., `\hobx'), type `I' and the correct
spelling (e.g., `I\hbox'). Otherwise just continue,
and I'll forget about whatever was undefined.

Missing character: There is no [ in font nullfont!
Missing character: There is no l in font nullfont!
Missing character: There is no i in font nullfont!
Missing character: There is no n in font nullfont!
Missing character: There is no e in font nullfont!
Missing character: There is no w in font nullfont!
Missing character: There is no i in font nullfont!
Missing character: There is no d in font nullfont!
Missing character: There is no t in font nullfont!
Missing character: There is no h in font nullfont!
Missing character: There is no = in font nullfont!
Missing character: There is no 1 in font nullfont!
Missing character: There is no p in font nullfont!
Missing character: There is no t in font nullfont!
Missing character: There is no , in font nullfont!
Missing character: There is no r in font nullfont!
Missing character: There is no o in font nullfont!
Missing character: There is no u in font nullfont!
Missing character: There is no n in font nullfont!
Missing character: There is no d in font nullfont!
Missing character: There is no e in font nullfont!
Missing character: There is no d in font nullfont!
Missing character: There is no c in font nullfont!
Missing character: There is no o in font nullfont!
Missing character: There is no r in font nullfont!
Missing character: There is no n in font nullfont!
Missing character: There is no e in font nullfont!
Missing character: There is no r in font nullfont!
Missing character: There is no s in font nullfont!
Missing character: There is no = in font nullfont!
Missing character: There is no 0 in font nullfont!
Missing character: There is no p in font nullfont!
Missing character: There is no t in font nullfont!
Missing character: There is no ] in font nullfont!
Missing character: There is no ( in font nullfont!
Missing character: There is no ) in font nullfont!
Missing character: There is no r in font nullfont!
Missing character: There is no e in font nullfont!
Missing character: There is no c in font nullfont!
Missing character: There is no t in font nullfont!
Missing character: There is no a in font nullfont!
Missing character: There is no n in font nullfont!
Missing character: There is no g in font nullfont!
Missing character: There is no l in font nullfont!
Missing character: There is no e in font nullfont!
Missing character: There is no ( in font nullfont!
Missing character: There is no ) in font nullfont!
Missing character: There is no ; in font nullfont!

! LaTeX Error: \begin{center} on input line 7 ended by \end{tikzpicture}.

See the LaTeX manual or LaTeX Companion for explanation.
Type  H <return>  for immediate help.
 ...                                              
                                                  
l.18 	\end{tikzpicture}
                       
Your command was ignored.
Type  I <command> <return>  to replace it with another command,
or  <return>  to continue without it.


Overfull \hbox (117.73064pt too wide) in paragraph at lines 8--19
 \OT1/cmr/m/n/10 (\OML/cmm/m/it/10 currentpage:northwest\OT1/cmr/m/n/10 ) + 
 []


Overfull \hbox (75.12062pt too wide) in paragraph at lines 8--19
 \OT1/cmr/m/n/10 (25\OML/cmm/m/it/10 mm; \OMS/cmsy/m/n/10 ^^@\OT1/cmr/m/n/10 25
\OML/cmm/m/it/10 mm\OT1/cmr/m/n/10 )$ 
 []


Overfull \hbox (115.20863pt too wide) in paragraph at lines 8--19
 \OT1/cmr/m/n/10 (\OML/cmm/m/it/10 currentpage:southeast\OT1/cmr/m/n/10 ) + 
 []


Overfull \hbox (75.12062pt too wide) in paragraph at lines 8--19
 \OT1/cmr/m/n/10 (\OMS/cmsy/m/n/10 ^^@\OT1/cmr/m/n/10 15\OML/cmm/m/it/10 mm; \O
T1/cmr/m/n/10 25\OML/cmm/m/it/10 mm\OT1/cmr/m/n/10 )$ 
 []


Overfull \hbox (117.73064pt too wide) in paragraph at lines 8--19
 \OT1/cmr/m/n/10 (\OML/cmm/m/it/10 currentpage:northwest\OT1/cmr/m/n/10 ) + 
 []


Overfull \hbox (90.67622pt too wide) in paragraph at lines 8--19
 \OT1/cmr/m/n/10 (26\OML/cmm/m/it/10 :\OT1/cmr/m/n/10 5\OML/cmm/m/it/10 mm; \OM
S/cmsy/m/n/10 ^^@\OT1/cmr/m/n/10 26\OML/cmm/m/it/10 :\OT1/cmr/m/n/10 5\OML/cmm/
m/it/10 mm\OT1/cmr/m/n/10 )$ 
 []


Overfull \hbox (115.20863pt too wide) in paragraph at lines 8--19
 \OT1/cmr/m/n/10 (\OML/cmm/m/it/10 currentpage:southeast\OT1/cmr/m/n/10 ) + 
 []


Overfull \hbox (90.67622pt too wide) in paragraph at lines 8--19
 \OT1/cmr/m/n/10 (\OMS/cmsy/m/n/10 ^^@\OT1/cmr/m/n/10 16\OML/cmm/m/it/10 :\OT1/
cmr/m/n/10 5\OML/cmm/m/it/10 mm; \OT1/cmr/m/n/10 26\OML/cmm/m/it/10 :\OT1/cmr/m
/n/10 5\OML/cmm/m/it/10 mm\OT1/cmr/m/n/10 )$ 
 []


! LaTeX Error: Command \DJ unavailable in encoding OT1.

See the LaTeX manual or LaTeX Companion for explanation.
Type  H <return>  for immediate help.
 ...                                              
                                                  
l.21 ...ل»کI\\TRئ¯ل»œNG ؤگل؛ I Hل»ŒC Cأ”NG NGHل»†}
                                                  \\[1cm]
Your command was ignored.
Type  I <command> <return>  to replace it with another command,
or  <return>  to continue without it.


! LaTeX Error: Unicode character ل؛  (U+1EA0)
               not set up for use with LaTeX.

See the LaTeX manual or LaTeX Companion for explanation.
Type  H <return>  for immediate help.
 ...                                              
                                                  
l.21 ...ل»کI\\TRئ¯ل»œNG ؤگل؛ I Hل»ŒC Cأ”NG NGHل»†}
                                                  \\[1cm]
You may provide a definition with
\DeclareUnicodeCharacter 


! LaTeX Error: Unicode character ل»Œ (U+1ECC)
               not set up for use with LaTeX.

See the LaTeX manual or LaTeX Companion for explanation.
Type  H <return>  for immediate help.
 ...                                              
                                                  
l.21 ...ل»کI\\TRئ¯ل»œNG ؤگل؛ I Hل»ŒC Cأ”NG NGHل»†}
                                                  \\[1cm]
You may provide a definition with
\DeclareUnicodeCharacter 


! LaTeX Error: Unicode character ل»گ (U+1ED0)
               not set up for use with LaTeX.

See the LaTeX manual or LaTeX Companion for explanation.
Type  H <return>  for immediate help.
 ...                                              
                                                  
l.21 ...ل»کI\\TRئ¯ل»œNG ؤگل؛ I Hل»ŒC Cأ”NG NGHل»†}
                                                  \\[1cm]
You may provide a definition with
\DeclareUnicodeCharacter 


! LaTeX Error: Unicode character ل»ک (U+1ED8)
               not set up for use with LaTeX.

See the LaTeX manual or LaTeX Companion for explanation.
Type  H <return>  for immediate help.
 ...                                              
                                                  
l.21 ...ل»کI\\TRئ¯ل»œNG ؤگل؛ I Hل»ŒC Cأ”NG NGHل»†}
                                                  \\[1cm]
You may provide a definition with
\DeclareUnicodeCharacter 


Overfull \hbox (4.36108pt too wide) in paragraph at lines 21--21
 []\OT1/cmr/bx/n/10 I 
 []


Overfull \hbox (17.30547pt too wide) in paragraph at lines 21--21
 \OT1/cmr/bx/n/10 HC 
 []


Overfull \hbox (25.79152pt too wide) in paragraph at lines 21--21
 \OT1/cmr/bx/n/10 QUC 
 []


Overfull \hbox (22.09709pt too wide) in paragraph at lines 21--21
 \OT1/cmr/bx/n/10 GIA 
 []


Overfull \hbox (17.69435pt too wide) in paragraph at lines 21--21
 \OT1/cmr/bx/n/10 H[]A 
 []


Overfull \hbox (13.36104pt too wide) in paragraph at lines 21--21
 \OT1/cmr/bx/n/10 NI 
 []


! LaTeX Error: Unicode character ئ¯ (U+01AF)
               not set up for use with LaTeX.

See the LaTeX manual or LaTeX Companion for explanation.
Type  H <return>  for immediate help.
 ...                                              
                                                  
l.21 ...ل»کI\\TRئ¯ل»œNG ؤگل؛ I Hل»ŒC Cأ”NG NGHل»†}
                                                  \\[1cm]
You may provide a definition with
\DeclareUnicodeCharacter 


! LaTeX Error: Unicode character ل»œ (U+1EDC)
               not set up for use with LaTeX.

See the LaTeX manual or LaTeX Companion for explanation.
Type  H <return>  for immediate help.
 ...                                              
                                                  
l.21 ...ل»کI\\TRئ¯ل»œNG ؤگل؛ I Hل»ŒC Cأ”NG NGHل»†}
                                                  \\[1cm]
You may provide a definition with
\DeclareUnicodeCharacter 


! LaTeX Error: Command \DJ unavailable in encoding OT1.

See the LaTeX manual or LaTeX Companion for explanation.
Type  H <return>  for immediate help.
 ...                                              
                                                  
l.21 ...ل»کI\\TRئ¯ل»œNG ؤگل؛ I Hل»ŒC Cأ”NG NGHل»†}
                                                  \\[1cm]
Your command was ignored.
Type  I <command> <return>  to replace it with another command,
or  <return>  to continue without it.


! LaTeX Error: Unicode character ل؛  (U+1EA0)
               not set up for use with LaTeX.

See the LaTeX manual or LaTeX Companion for explanation.
Type  H <return>  for immediate help.
 ...                                              
                                                  
l.21 ...ل»کI\\TRئ¯ل»œNG ؤگل؛ I Hل»ŒC Cأ”NG NGHل»†}
                                                  \\[1cm]
You may provide a definition with
\DeclareUnicodeCharacter 


! LaTeX Error: Unicode character ل»Œ (U+1ECC)
               not set up for use with LaTeX.

See the LaTeX manual or LaTeX Companion for explanation.
Type  H <return>  for immediate help.
 ...                                              
                                                  
l.21 ...ل»کI\\TRئ¯ل»œNG ؤگل؛ I Hل»ŒC Cأ”NG NGHل»†}
                                                  \\[1cm]
You may provide a definition with
\DeclareUnicodeCharacter 


! LaTeX Error: Unicode character ل»† (U+1EC6)
               not set up for use with LaTeX.

See the LaTeX manual or LaTeX Companion for explanation.
Type  H <return>  for immediate help.
 ...                                              
                                                  
l.21 ...ل»کI\\TRئ¯ل»œNG ؤگل؛ I Hل»ŒC Cأ”NG NGHل»†}
                                                  \\[1cm]
You may provide a definition with
\DeclareUnicodeCharacter 


Overfull \hbox (34.66647pt too wide) in paragraph at lines 21--21
 []\OT1/cmr/bx/n/10 TRNG 
 []


Overfull \hbox (4.36108pt too wide) in paragraph at lines 21--21
 \OT1/cmr/bx/n/10 I 
 []


Overfull \hbox (17.30547pt too wide) in paragraph at lines 21--21
 \OT1/cmr/bx/n/10 HC 
 []


Overfull \hbox (34.98592pt too wide) in paragraph at lines 21--21
 \OT1/cmr/bx/n/10 C[]ONG 
 []


Overfull \hbox (27.04152pt too wide) in paragraph at lines 21--21
 \OT1/cmr/bx/n/10 NGH 
 []

! Undefined control sequence.
l.22 	\includegraphics
                      [width=0.2\linewidth]{figures/uet}\\[0.3cm]
The control sequence at the end of the top line
of your error message was never \def'ed. If you have
misspelled it (e.g., `\hobx'), type `I' and the correct
spelling (e.g., `I\hbox'). Otherwise just continue,
and I'll forget about whatever was undefined.

Missing character: There is no [ in font nullfont!
Missing character: There is no w in font nullfont!
Missing character: There is no i in font nullfont!
Missing character: There is no d in font nullfont!
Missing character: There is no t in font nullfont!
Missing character: There is no h in font nullfont!
Missing character: There is no = in font nullfont!
Missing character: There is no 0 in font nullfont!
Missing character: There is no . in font nullfont!
Missing character: There is no 2 in font nullfont!
! Missing number, treated as zero.
<to be read again> 
                   ]
l.22 	\includegraphics[width=0.2\linewidth]
                                           {figures/uet}\\[0.3cm]
A number should have been here; I inserted `0'.
(If you can't figure out why I needed to see a number,
look up `weird error' in the index to The TeXbook.)

! Illegal unit of measure (pt inserted).
<to be read again> 
                   ]
l.22 	\includegraphics[width=0.2\linewidth]
                                           {figures/uet}\\[0.3cm]
Dimensions can be in units of em, ex, in, pt, pc,
cm, mm, dd, cc, nd, nc, bp, or sp; but yours is a new one!
I'll assume that you meant to say pt, for printer's points.
To recover gracefully from this error, it's best to
delete the erroneous units; e.g., type `2' to delete
two letters. (See Chapter 27 of The TeXbook.)

Missing character: There is no ] in font nullfont!
Missing character: There is no f in font nullfont!
Missing character: There is no i in font nullfont!
Missing character: There is no g in font nullfont!
Missing character: There is no u in font nullfont!
Missing character: There is no r in font nullfont!
Missing character: There is no e in font nullfont!
Missing character: There is no s in font nullfont!
Missing character: There is no / in font nullfont!
Missing character: There is no u in font nullfont!
Missing character: There is no e in font nullfont!
Missing character: There is no t in font nullfont!

! LaTeX Error: Unicode character ل»… (U+1EC5)
               not set up for use with LaTeX.

See the LaTeX manual or LaTeX Companion for explanation.
Type  H <return>  for immediate help.
 ...                                              
                                                  
l.23 	\textbf{Nguyل»…n Thأ nh Phأ،t}
                                    
You may provide a definition with
\DeclareUnicodeCharacter 


Overfull \hbox (33.59705pt too wide) in paragraph at lines 23--24
 []\OT1/cmr/bx/n/10 Nguyn 
 []


Overfull \hbox (32.75674pt too wide) in paragraph at lines 23--24
 \OT1/cmr/bx/n/10 Th^^Ranh 
 []


Overfull \hbox (24.31235pt too wide) in paragraph at lines 23--24
 \OT1/cmr/bx/n/10 Ph^^Sat 
 []

! Undefined control sequence.
l.26 	\large
            {\textbf{CAUSAL INFERENCE ON TIME SERIES DATA}}
The control sequence at the end of the top line
of your error message was never \def'ed. If you have
misspelled it (e.g., `\hobx'), type `I' and the correct
spelling (e.g., `I\hbox'). Otherwise just continue,
and I'll forget about whatever was undefined.


Overfull \hbox (47.52751pt too wide) in paragraph at lines 26--27
 []\OT1/cmr/bx/n/10 CAUSAL 
 []


Overfull \hbox (17.19435pt too wide) in paragraph at lines 26--27
 \OT1/cmr/bx/n/10 IN- 
 []


Overfull \hbox (27.24985pt too wide) in paragraph at lines 26--27
 \OT1/cmr/bx/n/10 FER- 
 []


Overfull \hbox (32.41649pt too wide) in paragraph at lines 26--27
 \OT1/cmr/bx/n/10 ENCE 
 []


Overfull \hbox (17.6388pt too wide) in paragraph at lines 26--27
 \OT1/cmr/bx/n/10 ON 
 []


Overfull \hbox (30.83316pt too wide) in paragraph at lines 26--27
 \OT1/cmr/bx/n/10 TIME 
 []


Overfull \hbox (17.77768pt too wide) in paragraph at lines 26--27
 \OT1/cmr/bx/n/10 SE- 
 []


Overfull \hbox (26.9304pt too wide) in paragraph at lines 26--27
 \OT1/cmr/bx/n/10 RIES 
 []


Overfull \hbox (31.97205pt too wide) in paragraph at lines 26--27
 \OT1/cmr/bx/n/10 DATA 
 []


! LaTeX Error: The font size command \normalsize is not defined:
               there is probably something wrong with the class file.

See the LaTeX manual or LaTeX Companion for explanation.
Type  H <return>  for immediate help.
 ...                                              
                                                  
l.28 	\normalsize
                 {\textbf{KHOأپ LUل؛¬N Tل»گT NGHIل»†P
Your command was ignored.
Type  I <command> <return>  to replace it with another command,
or  <return>  to continue without it.


! LaTeX Error: Unicode character ل؛¬ (U+1EAC)
               not set up for use with LaTeX.

See the LaTeX manual or LaTeX Companion for explanation.
Type  H <return>  for immediate help.
 ...                                              
                                                  
l.30 			Ngأ nh: Khoa hل»چc mأ،y tأ­nh}
                                      }
You may provide a definition with
\DeclareUnicodeCharacter 


! LaTeX Error: Unicode character ل»گ (U+1ED0)
               not set up for use with LaTeX.

See the LaTeX manual or LaTeX Companion for explanation.
Type  H <return>  for immediate help.
 ...                                              
                                                  
l.30 			Ngأ nh: Khoa hل»چc mأ،y tأ­nh}
                                      }
You may provide a definition with
\DeclareUnicodeCharacter 


! LaTeX Error: Unicode character ل»† (U+1EC6)
               not set up for use with LaTeX.

See the LaTeX manual or LaTeX Companion for explanation.
Type  H <return>  for immediate help.
 ...                                              
                                                  
l.30 			Ngأ nh: Khoa hل»چc mأ،y tأ­nh}
                                      }
You may provide a definition with
\DeclareUnicodeCharacter 


Overfull \hbox (35.34703pt too wide) in paragraph at lines 30--30
 []\OT1/cmr/bx/n/10 KHO[]A 
 []


Overfull \hbox (24.76375pt too wide) in paragraph at lines 30--30
 \OT1/cmr/bx/n/10 LUN 
 []


Overfull \hbox (15.99991pt too wide) in paragraph at lines 30--30
 \OT1/cmr/bx/n/10 TT 
 []


Overfull \hbox (39.26367pt too wide) in paragraph at lines 30--30
 \OT1/cmr/bx/n/10 NGHIP 
 []


! LaTeX Error: Unicode character ل»چ (U+1ECD)
               not set up for use with LaTeX.

See the LaTeX manual or LaTeX Companion for explanation.
Type  H <return>  for immediate help.
 ...                                              
                                                  
l.30 			Ngأ nh: Khoa hل»چc mأ،y tأ­nh}
                                      }
You may provide a definition with
\DeclareUnicodeCharacter 


Overfull \hbox (36.31229pt too wide) in paragraph at lines 30--31
 []\OT1/cmr/bx/n/10 Ng^^Ranh: 
 []


Overfull \hbox (26.74289pt too wide) in paragraph at lines 30--31
 \OT1/cmr/bx/n/10 Khoa 
 []


Overfull \hbox (11.49994pt too wide) in paragraph at lines 30--31
 \OT1/cmr/bx/n/10 hc 
 []


Overfull \hbox (21.24292pt too wide) in paragraph at lines 30--31
 \OT1/cmr/bx/n/10 m^^Say 
 []


Overfull \hbox (20.44434pt too wide) in paragraph at lines 30--31
 \OT1/cmr/bx/n/10 t^^S^^Pnh 
 []


! LaTeX Error: Unicode character ل»ک (U+1ED8)
               not set up for use with LaTeX.

See the LaTeX manual or LaTeX Companion for explanation.
Type  H <return>  for immediate help.
 ...                                              
                                                  
l.33 	\textbf{Hأ€ Nل»کI - 2026}
                               
You may provide a definition with
\DeclareUnicodeCharacter 


Overfull \hbox (17.69435pt too wide) in paragraph at lines 33--35
 []\OT1/cmr/bx/n/10 H[]A 
 []


Overfull \hbox (13.36104pt too wide) in paragraph at lines 33--35
 \OT1/cmr/bx/n/10 NI 
 []


Overfull \hbox (3.83331pt too wide) in paragraph at lines 33--35
 \OT1/cmr/bx/n/10 - 
 []


Overfull \hbox (22.99988pt too wide) in paragraph at lines 33--35
 \OT1/cmr/bx/n/10 2026 
 []


Overfull \hbox (20.0pt too wide) in paragraph at lines 37--37
[] 
 []


! LaTeX Error: Environment tikzpicture undefined.

See the LaTeX manual or LaTeX Companion for explanation.
Type  H <return>  for immediate help.
 ...                                              
                                                  
l.39 	\begin{tikzpicture}
                         [overlay,remember picture]
Your command was ignored.
Type  I <command> <return>  to replace it with another command,
or  <return>  to continue without it.

Missing character: There is no [ in font nullfont!
Missing character: There is no o in font nullfont!
Missing character: There is no v in font nullfont!
Missing character: There is no e in font nullfont!
Missing character: There is no r in font nullfont!
Missing character: There is no l in font nullfont!
Missing character: There is no a in font nullfont!
Missing character: There is no y in font nullfont!
Missing character: There is no , in font nullfont!
Missing character: There is no r in font nullfont!
Missing character: There is no e in font nullfont!
Missing character: There is no m in font nullfont!
Missing character: There is no e in font nullfont!
Missing character: There is no m in font nullfont!
Missing character: There is no b in font nullfont!
Missing character: There is no e in font nullfont!
Missing character: There is no r in font nullfont!
Missing character: There is no p in font nullfont!
Missing character: There is no i in font nullfont!
Missing character: There is no c in font nullfont!
Missing character: There is no t in font nullfont!
Missing character: There is no u in font nullfont!
Missing character: There is no r in font nullfont!
Missing character: There is no e in font nullfont!
Missing character: There is no ] in font nullfont!
! Undefined control sequence.
l.40 		\draw
             [line width=3pt,rounded corners=0pt,
The control sequence at the end of the top line
of your error message was never \def'ed. If you have
misspelled it (e.g., `\hobx'), type `I' and the correct
spelling (e.g., `I\hbox'). Otherwise just continue,
and I'll forget about whatever was undefined.

Missing character: There is no [ in font nullfont!
Missing character: There is no l in font nullfont!
Missing character: There is no i in font nullfont!
Missing character: There is no n in font nullfont!
Missing character: There is no e in font nullfont!
Missing character: There is no w in font nullfont!
Missing character: There is no i in font nullfont!
Missing character: There is no d in font nullfont!
Missing character: There is no t in font nullfont!
Missing character: There is no h in font nullfont!
Missing character: There is no = in font nullfont!
Missing character: There is no 3 in font nullfont!
Missing character: There is no p in font nullfont!
Missing character: There is no t in font nullfont!
Missing character: There is no , in font nullfont!
Missing character: There is no r in font nullfont!
Missing character: There is no o in font nullfont!
Missing character: There is no u in font nullfont!
Missing character: There is no n in font nullfont!
Missing character: There is no d in font nullfont!
Missing character: There is no e in font nullfont!
Missing character: There is no d in font nullfont!
Missing character: There is no c in font nullfont!
Missing character: There is no o in font nullfont!
Missing character: There is no r in font nullfont!
Missing character: There is no n in font nullfont!
Missing character: There is no e in font nullfont!
Missing character: There is no r in font nullfont!
Missing character: There is no s in font nullfont!
Missing character: There is no = in font nullfont!
Missing character: There is no 0 in font nullfont!
Missing character: There is no p in font nullfont!
Missing character: There is no t in font nullfont!
Missing character: There is no , in font nullfont!
Missing character: There is no ] in font nullfont!
Missing character: There is no ( in font nullfont!
Missing character: There is no ) in font nullfont!
Missing character: There is no r in font nullfont!
Missing character: There is no e in font nullfont!
Missing character: There is no c in font nullfont!
Missing character: There is no t in font nullfont!
Missing character: There is no a in font nullfont!
Missing character: There is no n in font nullfont!
Missing character: There is no g in font nullfont!
Missing character: There is no l in font nullfont!
Missing character: There is no e in font nullfont!
Missing character: There is no ( in font nullfont!
Missing character: There is no ) in font nullfont!
Missing character: There is no ; in font nullfont!
! Undefined control sequence.
l.45 		\draw
             [line width=1pt,rounded corners=0pt]
The control sequence at the end of the top line
of your error message was never \def'ed. If you have
misspelled it (e.g., `\hobx'), type `I' and the correct
spelling (e.g., `I\hbox'). Otherwise just continue,
and I'll forget about whatever was undefined.

Missing character: There is no [ in font nullfont!
Missing character: There is no l in font nullfont!
Missing character: There is no i in font nullfont!
Missing character: There is no n in font nullfont!
Missing character: There is no e in font nullfont!
Missing character: There is no w in font nullfont!
Missing character: There is no i in font nullfont!
Missing character: There is no d in font nullfont!
Missing character: There is no t in font nullfont!
Missing character: There is no h in font nullfont!
Missing character: There is no = in font nullfont!
Missing character: There is no 1 in font nullfont!
Missing character: There is no p in font nullfont!
Missing character: There is no t in font nullfont!
Missing character: There is no , in font nullfont!
Missing character: There is no r in font nullfont!
Missing character: There is no o in font nullfont!
Missing character: There is no u in font nullfont!
Missing character: There is no n in font nullfont!
Missing character: There is no d in font nullfont!
Missing character: There is no e in font nullfont!
Missing character: There is no d in font nullfont!
Missing character: There is no c in font nullfont!
Missing character: There is no o in font nullfont!
Missing character: There is no r in font nullfont!
Missing character: There is no n in font nullfont!
Missing character: There is no e in font nullfont!
Missing character: There is no r in font nullfont!
Missing character: There is no s in font nullfont!
Missing character: There is no = in font nullfont!
Missing character: There is no 0 in font nullfont!
Missing character: There is no p in font nullfont!
Missing character: There is no t in font nullfont!
Missing character: There is no ] in font nullfont!
Missing character: There is no ( in font nullfont!
Missing character: There is no ) in font nullfont!
Missing character: There is no r in font nullfont!
Missing character: There is no e in font nullfont!
Missing character: There is no c in font nullfont!
Missing character: There is no t in font nullfont!
Missing character: There is no a in font nullfont!
Missing character: There is no n in font nullfont!
Missing character: There is no g in font nullfont!
Missing character: There is no l in font nullfont!
Missing character: There is no e in font nullfont!
Missing character: There is no ( in font nullfont!
Missing character: There is no ) in font nullfont!
Missing character: There is no ; in font nullfont!

! LaTeX Error: \begin{center} on input line 37 ended by \end{tikzpicture}.

See the LaTeX manual or LaTeX Companion for explanation.
Type  H <return>  for immediate help.
 ...                                              
                                                  
l.49 	\end{tikzpicture}
                       
Your command was ignored.
Type  I <command> <return>  to replace it with another command,
or  <return>  to continue without it.


Overfull \hbox (117.73064pt too wide) in paragraph at lines 39--50
 \OT1/cmr/m/n/10 (\OML/cmm/m/it/10 currentpage:northwest\OT1/cmr/m/n/10 ) + 
 []


Overfull \hbox (75.12062pt too wide) in paragraph at lines 39--50
 \OT1/cmr/m/n/10 (25\OML/cmm/m/it/10 mm; \OMS/cmsy/m/n/10 ^^@\OT1/cmr/m/n/10 25
\OML/cmm/m/it/10 mm\OT1/cmr/m/n/10 )$ 
 []


Overfull \hbox (115.20863pt too wide) in paragraph at lines 39--50
 \OT1/cmr/m/n/10 (\OML/cmm/m/it/10 currentpage:southeast\OT1/cmr/m/n/10 ) + 
 []


Overfull \hbox (75.12062pt too wide) in paragraph at lines 39--50
 \OT1/cmr/m/n/10 (\OMS/cmsy/m/n/10 ^^@\OT1/cmr/m/n/10 15\OML/cmm/m/it/10 mm; \O
T1/cmr/m/n/10 25\OML/cmm/m/it/10 mm\OT1/cmr/m/n/10 )$ 
 []


Overfull \hbox (117.73064pt too wide) in paragraph at lines 39--50
 \OT1/cmr/m/n/10 (\OML/cmm/m/it/10 currentpage:northwest\OT1/cmr/m/n/10 ) + 
 []


Overfull \hbox (90.67622pt too wide) in paragraph at lines 39--50
 \OT1/cmr/m/n/10 (26\OML/cmm/m/it/10 :\OT1/cmr/m/n/10 5\OML/cmm/m/it/10 mm; \OM
S/cmsy/m/n/10 ^^@\OT1/cmr/m/n/10 26\OML/cmm/m/it/10 :\OT1/cmr/m/n/10 5\OML/cmm/
m/it/10 mm\OT1/cmr/m/n/10 )$ 
 []


Overfull \hbox (115.20863pt too wide) in paragraph at lines 39--50
 \OT1/cmr/m/n/10 (\OML/cmm/m/it/10 currentpage:southeast\OT1/cmr/m/n/10 ) + 
 []


Overfull \hbox (90.67622pt too wide) in paragraph at lines 39--50
 \OT1/cmr/m/n/10 (\OMS/cmsy/m/n/10 ^^@\OT1/cmr/m/n/10 16\OML/cmm/m/it/10 :\OT1/
cmr/m/n/10 5\OML/cmm/m/it/10 mm; \OT1/cmr/m/n/10 26\OML/cmm/m/it/10 :\OT1/cmr/m
/n/10 5\OML/cmm/m/it/10 mm\OT1/cmr/m/n/10 )$ 
 []


! LaTeX Error: Command \DJ unavailable in encoding OT1.

See the LaTeX manual or LaTeX Companion for explanation.
Type  H <return>  for immediate help.
 ...                                              
                                                  
l.51 ...ل»کI\\TRئ¯ل»œNG ؤگل؛ I Hل»ŒC Cأ”NG NGHل»†}
                                                  
Your command was ignored.
Type  I <command> <return>  to replace it with another command,
or  <return>  to continue without it.


! LaTeX Error: Unicode character ل؛  (U+1EA0)
               not set up for use with LaTeX.

See the LaTeX manual or LaTeX Companion for explanation.
Type  H <return>  for immediate help.
 ...                                              
                                                  
l.51 ...ل»کI\\TRئ¯ل»œNG ؤگل؛ I Hل»ŒC Cأ”NG NGHل»†}
                                                  
You may provide a definition with
\DeclareUnicodeCharacter 


! LaTeX Error: Unicode character ل»Œ (U+1ECC)
               not set up for use with LaTeX.

See the LaTeX manual or LaTeX Companion for explanation.
Type  H <return>  for immediate help.
 ...                                              
                                                  
l.51 ...ل»کI\\TRئ¯ل»œNG ؤگل؛ I Hل»ŒC Cأ”NG NGHل»†}
                                                  
You may provide a definition with
\DeclareUnicodeCharacter 


! LaTeX Error: Unicode character ل»گ (U+1ED0)
               not set up for use with LaTeX.

See the LaTeX manual or LaTeX Companion for explanation.
Type  H <return>  for immediate help.
 ...                                              
                                                  
l.51 ...ل»کI\\TRئ¯ل»œNG ؤگل؛ I Hل»ŒC Cأ”NG NGHل»†}
                                                  
You may provide a definition with
\DeclareUnicodeCharacter 


! LaTeX Error: Unicode character ل»ک (U+1ED8)
               not set up for use with LaTeX.

See the LaTeX manual or LaTeX Companion for explanation.
Type  H <return>  for immediate help.
 ...                                              
                                                  
l.51 ...ل»کI\\TRئ¯ل»œNG ؤگل؛ I Hل»ŒC Cأ”NG NGHل»†}
                                                  
You may provide a definition with
\DeclareUnicodeCharacter 


Overfull \hbox (4.36108pt too wide) in paragraph at lines 51--51
 []\OT1/cmr/bx/n/10 I 
 []


Overfull \hbox (17.30547pt too wide) in paragraph at lines 51--51
 \OT1/cmr/bx/n/10 HC 
 []


Overfull \hbox (25.79152pt too wide) in paragraph at lines 51--51
 \OT1/cmr/bx/n/10 QUC 
 []


Overfull \hbox (22.09709pt too wide) in paragraph at lines 51--51
 \OT1/cmr/bx/n/10 GIA 
 []


Overfull \hbox (17.69435pt too wide) in paragraph at lines 51--51
 \OT1/cmr/bx/n/10 H[]A 
 []


Overfull \hbox (13.36104pt too wide) in paragraph at lines 51--51
 \OT1/cmr/bx/n/10 NI 
 []


! LaTeX Error: Unicode character ئ¯ (U+01AF)
               not set up for use with LaTeX.

See the LaTeX manual or LaTeX Companion for explanation.
Type  H <return>  for immediate help.
 ...                                              
                                                  
l.51 ...ل»کI\\TRئ¯ل»œNG ؤگل؛ I Hل»ŒC Cأ”NG NGHل»†}
                                                  
You may provide a definition with
\DeclareUnicodeCharacter 


! LaTeX Error: Unicode character ل»œ (U+1EDC)
               not set up for use with LaTeX.

See the LaTeX manual or LaTeX Companion for explanation.
Type  H <return>  for immediate help.
 ...                                              
                                                  
l.51 ...ل»کI\\TRئ¯ل»œNG ؤگل؛ I Hل»ŒC Cأ”NG NGHل»†}
                                                  
You may provide a definition with
\DeclareUnicodeCharacter 


! LaTeX Error: Command \DJ unavailable in encoding OT1.

See the LaTeX manual or LaTeX Companion for explanation.
Type  H <return>  for immediate help.
 ...                                              
                                                  
l.51 ...ل»کI\\TRئ¯ل»œNG ؤگل؛ I Hل»ŒC Cأ”NG NGHل»†}
                                                  
Your command was ignored.
Type  I <command> <return>  to replace it with another command,
or  <return>  to continue without it.


! LaTeX Error: Unicode character ل؛  (U+1EA0)
               not set up for use with LaTeX.

See the LaTeX manual or LaTeX Companion for explanation.
Type  H <return>  for immediate help.
 ...                                              
                                                  
l.51 ...ل»کI\\TRئ¯ل»œNG ؤگل؛ I Hل»ŒC Cأ”NG NGHل»†}
                                                  
You may provide a definition with
\DeclareUnicodeCharacter 


! LaTeX Error: Unicode character ل»Œ (U+1ECC)
               not set up for use with LaTeX.

See the LaTeX manual or LaTeX Companion for explanation.
Type  H <return>  for immediate help.
 ...                                              
                                                  
l.51 ...ل»کI\\TRئ¯ل»œNG ؤگل؛ I Hل»ŒC Cأ”NG NGHل»†}
                                                  
You may provide a definition with
\DeclareUnicodeCharacter 


! LaTeX Error: Unicode character ل»† (U+1EC6)
               not set up for use with LaTeX.

See the LaTeX manual or LaTeX Companion for explanation.
Type  H <return>  for immediate help.
 ...                                              
                                                  
l.51 ...ل»کI\\TRئ¯ل»œNG ؤگل؛ I Hل»ŒC Cأ”NG NGHل»†}
                                                  
You may provide a definition with
\DeclareUnicodeCharacter 


Overfull \hbox (34.66647pt too wide) in paragraph at lines 51--52
 []\OT1/cmr/bx/n/10 TRNG 
 []


Overfull \hbox (4.36108pt too wide) in paragraph at lines 51--52
 \OT1/cmr/bx/n/10 I 
 []


Overfull \hbox (17.30547pt too wide) in paragraph at lines 51--52
 \OT1/cmr/bx/n/10 HC 
 []


Overfull \hbox (34.98592pt too wide) in paragraph at lines 51--52
 \OT1/cmr/bx/n/10 C[]ONG 
 []


Overfull \hbox (27.04152pt too wide) in paragraph at lines 51--52
 \OT1/cmr/bx/n/10 NGH 
 []

! Undefined control sequence.
l.53 	\includegraphics
                      [width=0.2\linewidth]{figures/uet}
The control sequence at the end of the top line
of your error message was never \def'ed. If you have
misspelled it (e.g., `\hobx'), type `I' and the correct
spelling (e.g., `I\hbox'). Otherwise just continue,
and I'll forget about whatever was undefined.

Missing character: There is no [ in font nullfont!
Missing character: There is no w in font nullfont!
Missing character: There is no i in font nullfont!
Missing character: There is no d in font nullfont!
Missing character: There is no t in font nullfont!
Missing character: There is no h in font nullfont!
Missing character: There is no = in font nullfont!
Missing character: There is no 0 in font nullfont!
Missing character: There is no . in font nullfont!
Missing character: There is no 2 in font nullfont!
! Missing number, treated as zero.
<to be read again> 
                   ]
l.53 	\includegraphics[width=0.2\linewidth]
                                           {figures/uet}
A number should have been here; I inserted `0'.
(If you can't figure out why I needed to see a number,
look up `weird error' in the index to The TeXbook.)

! Illegal unit of measure (pt inserted).
<to be read again> 
                   ]
l.53 	\includegraphics[width=0.2\linewidth]
                                           {figures/uet}
Dimensions can be in units of em, ex, in, pt, pc,
cm, mm, dd, cc, nd, nc, bp, or sp; but yours is a new one!
I'll assume that you meant to say pt, for printer's points.
To recover gracefully from this error, it's best to
delete the erroneous units; e.g., type `2' to delete
two letters. (See Chapter 27 of The TeXbook.)

Missing character: There is no ] in font nullfont!
Missing character: There is no f in font nullfont!
Missing character: There is no i in font nullfont!
Missing character: There is no g in font nullfont!
Missing character: There is no u in font nullfont!
Missing character: There is no r in font nullfont!
Missing character: There is no e in font nullfont!
Missing character: There is no s in font nullfont!
Missing character: There is no / in font nullfont!
Missing character: There is no u in font nullfont!
Missing character: There is no e in font nullfont!
Missing character: There is no t in font nullfont!

! LaTeX Error: Unicode character ل»„ (U+1EC4)
               not set up for use with LaTeX.

See the LaTeX manual or LaTeX Companion for explanation.
Type  H <return>  for immediate help.
 ...                                              
                                                  
l.55 	\textbf{NGUYل»„N THأ€NH PHأپT}
                                    
You may provide a definition with
\DeclareUnicodeCharacter 


Overfull \hbox (44.58308pt too wide) in paragraph at lines 55--56
 []\OT1/cmr/bx/n/10 NGUYN 
 []


Overfull \hbox (43.69421pt too wide) in paragraph at lines 55--56
 \OT1/cmr/bx/n/10 TH[]ANH 
 []


Overfull \hbox (33.55537pt too wide) in paragraph at lines 55--56
 \OT1/cmr/bx/n/10 PH[]AT 
 []

! Undefined control sequence.
l.58 	\large
            {\textbf{CAUSAL INFERENCE ON TIME SERIES DATA}}
The control sequence at the end of the top line
of your error message was never \def'ed. If you have
misspelled it (e.g., `\hobx'), type `I' and the correct
spelling (e.g., `I\hbox'). Otherwise just continue,
and I'll forget about whatever was undefined.


Overfull \hbox (47.52751pt too wide) in paragraph at lines 58--59
 []\OT1/cmr/bx/n/10 CAUSAL 
 []


Overfull \hbox (17.19435pt too wide) in paragraph at lines 58--59
 \OT1/cmr/bx/n/10 IN- 
 []


Overfull \hbox (27.24985pt too wide) in paragraph at lines 58--59
 \OT1/cmr/bx/n/10 FER- 
 []


Overfull \hbox (32.41649pt too wide) in paragraph at lines 58--59
 \OT1/cmr/bx/n/10 ENCE 
 []


Overfull \hbox (17.6388pt too wide) in paragraph at lines 58--59
 \OT1/cmr/bx/n/10 ON 
 []


Overfull \hbox (30.83316pt too wide) in paragraph at lines 58--59
 \OT1/cmr/bx/n/10 TIME 
 []


Overfull \hbox (17.77768pt too wide) in paragraph at lines 58--59
 \OT1/cmr/bx/n/10 SE- 
 []


Overfull \hbox (26.9304pt too wide) in paragraph at lines 58--59
 \OT1/cmr/bx/n/10 RIES 
 []


Overfull \hbox (31.97205pt too wide) in paragraph at lines 58--59
 \OT1/cmr/bx/n/10 DATA 
 []


! LaTeX Error: The font size command \normalsize is not defined:
               there is probably something wrong with the class file.

See the LaTeX manual or LaTeX Companion for explanation.
Type  H <return>  for immediate help.
 ...                                              
                                                  
l.60 	\normalsize
                 {\textbf{KHOأپ LUل؛¬N Tل»گT NGHIل»†P
Your command was ignored.
Type  I <command> <return>  to replace it with another command,
or  <return>  to continue without it.


! LaTeX Error: Unicode character ل؛¬ (U+1EAC)
               not set up for use with LaTeX.

See the LaTeX manual or LaTeX Companion for explanation.
Type  H <return>  for immediate help.
 ...                                              
                                                  
l.62 			Ngأ nh: Khoa hل»چc mأ،y tأ­nh}
                                      }
You may provide a definition with
\DeclareUnicodeCharacter 


! LaTeX Error: Unicode character ل»گ (U+1ED0)
               not set up for use with LaTeX.

See the LaTeX manual or LaTeX Companion for explanation.
Type  H <return>  for immediate help.
 ...                                              
                                                  
l.62 			Ngأ nh: Khoa hل»چc mأ،y tأ­nh}
                                      }
You may provide a definition with
\DeclareUnicodeCharacter 


! LaTeX Error: Unicode character ل»† (U+1EC6)
               not set up for use with LaTeX.

See the LaTeX manual or LaTeX Companion for explanation.
Type  H <return>  for immediate help.
 ...                                              
                                                  
l.62 			Ngأ nh: Khoa hل»چc mأ،y tأ­nh}
                                      }
You may provide a definition with
\DeclareUnicodeCharacter 


Overfull \hbox (35.34703pt too wide) in paragraph at lines 62--62
 []\OT1/cmr/bx/n/10 KHO[]A 
 []


Overfull \hbox (24.76375pt too wide) in paragraph at lines 62--62
 \OT1/cmr/bx/n/10 LUN 
 []


Overfull \hbox (15.99991pt too wide) in paragraph at lines 62--62
 \OT1/cmr/bx/n/10 TT 
 []


Overfull \hbox (39.26367pt too wide) in paragraph at lines 62--62
 \OT1/cmr/bx/n/10 NGHIP 
 []


! LaTeX Error: The font size command \normalsize is not defined:
               there is probably something wrong with the class file.

See the LaTeX manual or LaTeX Companion for explanation.
Type  H <return>  for immediate help.
 ...                                              
                                                  
l.62 			Ngأ nh: Khoa hل»چc mأ،y tأ­nh}
                                      }
Your command was ignored.
Type  I <command> <return>  to replace it with another command,
or  <return>  to continue without it.

[1{/var/lib/texmf/fonts/map/pdftex/updmap/pdftex.map}]

! LaTeX Error: Unicode character ل»چ (U+1ECD)
               not set up for use with LaTeX.

See the LaTeX manual or LaTeX Companion for explanation.
Type  H <return>  for immediate help.
 ...                                              
                                                  
l.62 			Ngأ nh: Khoa hل»چc mأ،y tأ­nh}
                                      }
You may provide a definition with
\DeclareUnicodeCharacter 


Overfull \hbox (36.31229pt too wide) in paragraph at lines 62--63
 []\OT1/cmr/bx/n/10 Ng^^Ranh: 
 []


Overfull \hbox (26.74289pt too wide) in paragraph at lines 62--63
 \OT1/cmr/bx/n/10 Khoa 
 []


Overfull \hbox (11.49994pt too wide) in paragraph at lines 62--63
 \OT1/cmr/bx/n/10 hc 
 []


Overfull \hbox (21.24292pt too wide) in paragraph at lines 62--63
 \OT1/cmr/bx/n/10 m^^Say 
 []


Overfull \hbox (20.44434pt too wide) in paragraph at lines 62--63
 \OT1/cmr/bx/n/10 t^^S^^Pnh 
 []


! LaTeX Error: Unicode character ل»™ (U+1ED9)
               not set up for use with LaTeX.

See the LaTeX manual or LaTeX Companion for explanation.
Type  H <return>  for immediate help.
 ...                                              
                                                  
l.65 ...»™ hئ°ل»›ng dل؛«n: TS. Nguyل»…n Vؤƒn Sئ،n}
                                                  \\[0.8cm]
You may provide a definition with
\DeclareUnicodeCharacter 


! LaTeX Error: Unicode character ئ° (U+01B0)
               not set up for use with LaTeX.

See the LaTeX manual or LaTeX Companion for explanation.
Type  H <return>  for immediate help.
 ...                                              
                                                  
l.65 ...»™ hئ°ل»›ng dل؛«n: TS. Nguyل»…n Vؤƒn Sئ،n}
                                                  \\[0.8cm]
You may provide a definition with
\DeclareUnicodeCharacter 


! LaTeX Error: Unicode character ل»› (U+1EDB)
               not set up for use with LaTeX.

See the LaTeX manual or LaTeX Companion for explanation.
Type  H <return>  for immediate help.
 ...                                              
                                                  
l.65 ...»™ hئ°ل»›ng dل؛«n: TS. Nguyل»…n Vؤƒn Sئ،n}
                                                  \\[0.8cm]
You may provide a definition with
\DeclareUnicodeCharacter 


! LaTeX Error: Unicode character ل؛« (U+1EAB)
               not set up for use with LaTeX.

See the LaTeX manual or LaTeX Companion for explanation.
Type  H <return>  for immediate help.
 ...                                              
                                                  
l.65 ...»™ hئ°ل»›ng dل؛«n: TS. Nguyل»…n Vؤƒn Sئ،n}
                                                  \\[0.8cm]
You may provide a definition with
\DeclareUnicodeCharacter 


! LaTeX Error: Unicode character ل»… (U+1EC5)
               not set up for use with LaTeX.

See the LaTeX manual or LaTeX Companion for explanation.
Type  H <return>  for immediate help.
 ...                                              
                                                  
l.65 ...»™ hئ°ل»›ng dل؛«n: TS. Nguyل»…n Vؤƒn Sئ،n}
                                                  \\[0.8cm]
You may provide a definition with
\DeclareUnicodeCharacter 


! LaTeX Error: Unicode character ئ، (U+01A1)
               not set up for use with LaTeX.

See the LaTeX manual or LaTeX Companion for explanation.
Type  H <return>  for immediate help.
 ...                                              
                                                  
l.65 ...»™ hئ°ل»›ng dل؛«n: TS. Nguyل»…n Vؤƒn Sئ،n}
                                                  \\[0.8cm]
You may provide a definition with
\DeclareUnicodeCharacter 


! LaTeX Error: Unicode character ل»™ (U+1ED9)
               not set up for use with LaTeX.

See the LaTeX manual or LaTeX Companion for explanation.
Type  H <return>  for immediate help.
 ...                                              
                                                  
l.66 ...ئ°ل»›ng dل؛«n: PGS. TS. Vأµ ؤگأ¬nh Hiل؛؟u}
                                                  
You may provide a definition with
\DeclareUnicodeCharacter 


! LaTeX Error: Command \dj unavailable in encoding OT1.

See the LaTeX manual or LaTeX Companion for explanation.
Type  H <return>  for immediate help.
 ...                                              
                                                  
l.66 ...ئ°ل»›ng dل؛«n: PGS. TS. Vأµ ؤگأ¬nh Hiل؛؟u}
                                                  
Your command was ignored.
Type  I <command> <return>  to replace it with another command,
or  <return>  to continue without it.


! LaTeX Error: Unicode character ل»“ (U+1ED3)
               not set up for use with LaTeX.

See the LaTeX manual or LaTeX Companion for explanation.
Type  H <return>  for immediate help.
 ...                                              
                                                  
l.66 ...ئ°ل»›ng dل؛«n: PGS. TS. Vأµ ؤگأ¬nh Hiل؛؟u}
                                                  
You may provide a definition with
\DeclareUnicodeCharacter 


! LaTeX Error: Unicode character ئ° (U+01B0)
               not set up for use with LaTeX.

See the LaTeX manual or LaTeX Companion for explanation.
Type  H <return>  for immediate help.
 ...                                              
                                                  
l.66 ...ئ°ل»›ng dل؛«n: PGS. TS. Vأµ ؤگأ¬nh Hiل؛؟u}
                                                  
You may provide a definition with
\DeclareUnicodeCharacter 


! LaTeX Error: Unicode character ل»› (U+1EDB)
               not set up for use with LaTeX.

See the LaTeX manual or LaTeX Companion for explanation.
Type  H <return>  for immediate help.
 ...                                              
                                                  
l.66 ...ئ°ل»›ng dل؛«n: PGS. TS. Vأµ ؤگأ¬nh Hiل؛؟u}
                                                  
You may provide a definition with
\DeclareUnicodeCharacter 


! LaTeX Error: Unicode character ل؛« (U+1EAB)
               not set up for use with LaTeX.

See the LaTeX manual or LaTeX Companion for explanation.
Type  H <return>  for immediate help.
 ...                                              
                                                  
l.66 ...ئ°ل»›ng dل؛«n: PGS. TS. Vأµ ؤگأ¬nh Hiل؛؟u}
                                                  
You may provide a definition with
\DeclareUnicodeCharacter 


! LaTeX Error: Command \DJ unavailable in encoding OT1.

See the LaTeX manual or LaTeX Companion for explanation.
Type  H <return>  for immediate help.
 ...                                              
                                                  
l.66 ...ئ°ل»›ng dل؛«n: PGS. TS. Vأµ ؤگأ¬nh Hiل؛؟u}
                                                  
Your command was ignored.
Type  I <command> <return>  to replace it with another command,
or  <return>  to continue without it.


! LaTeX Error: Unicode character ل؛؟ (U+1EBF)
               not set up for use with LaTeX.

See the LaTeX manual or LaTeX Companion for explanation.
Type  H <return>  for immediate help.
 ...                                              
                                                  
l.66 ...ئ°ل»›ng dل؛«n: PGS. TS. Vأµ ؤگأ¬nh Hiل؛؟u}
                                                  
You may provide a definition with
\DeclareUnicodeCharacter 


Overfull \hbox (56.98343pt too wide) in paragraph at lines 65--67
|  \OT1/cmr/bx/n/10 C^^San
 []


Overfull \hbox (6.38885pt too wide) in paragraph at lines 65--67
\OT1/cmr/bx/n/10 b
 []


Overfull \hbox (18.52768pt too wide) in paragraph at lines 65--67
\OT1/cmr/bx/n/10 hng
 []


Overfull \hbox (15.97214pt too wide) in paragraph at lines 65--67
\OT1/cmr/bx/n/10 dn:
 []


Overfull \hbox (17.58324pt too wide) in paragraph at lines 65--67
\OT1/cmr/bx/n/10 TS.
 []


Overfull \hbox (33.59705pt too wide) in paragraph at lines 65--67
\OT1/cmr/bx/n/10 Nguyn
 []


Overfull \hbox (20.67348pt too wide) in paragraph at lines 65--67
\OT1/cmr/bx/n/10 V^^Uan
 []


Overfull \hbox (12.77771pt too wide) in paragraph at lines 65--67
\OT1/cmr/bx/n/10 Sn 
 []


Overfull \hbox (56.98343pt too wide) in paragraph at lines 65--67
|  \OT1/cmr/bx/n/10 C^^San
 []


Overfull \hbox (6.38885pt too wide) in paragraph at lines 65--67
\OT1/cmr/bx/n/10 b
 []


Overfull \hbox (12.13882pt too wide) in paragraph at lines 65--67
\OT1/cmr/bx/n/10 ng
 []


Overfull \hbox (18.52768pt too wide) in paragraph at lines 65--67
\OT1/cmr/bx/n/10 hng
 []


Overfull \hbox (15.97214pt too wide) in paragraph at lines 65--67
\OT1/cmr/bx/n/10 dn:
 []


Overfull \hbox (26.48596pt too wide) in paragraph at lines 65--67
\OT1/cmr/bx/n/10 PGS.
 []


Overfull \hbox (17.58324pt too wide) in paragraph at lines 65--67
\OT1/cmr/bx/n/10 TS.
 []


Overfull \hbox (14.44437pt too wide) in paragraph at lines 65--67
\OT1/cmr/bx/n/10 V~o
 []


Overfull \hbox (15.97214pt too wide) in paragraph at lines 65--67
\OT1/cmr/bx/n/10 ^^R^^Pnh
 []


Overfull \hbox (18.58324pt too wide) in paragraph at lines 65--67
\OT1/cmr/bx/n/10 Hiu 
 []


Overfull \hbox (20.0pt too wide) in paragraph at lines 68--68
[] 
 []


! LaTeX Error: Unicode character ل»ک (U+1ED8)
               not set up for use with LaTeX.

See the LaTeX manual or LaTeX Companion for explanation.
Type  H <return>  for immediate help.
 ...                                              
                                                  
l.69 	\textbf{Hأ€ Nل»کI - 2026}
                               
You may provide a definition with
\DeclareUnicodeCharacter 


Overfull \hbox (17.69435pt too wide) in paragraph at lines 69--71
 \OT1/cmr/bx/n/10 H[]A 
 []


Overfull \hbox (13.36104pt too wide) in paragraph at lines 69--71
 \OT1/cmr/bx/n/10 NI 
 []


Overfull \hbox (3.83331pt too wide) in paragraph at lines 69--71
 \OT1/cmr/bx/n/10 - 
 []


Overfull \hbox (22.99988pt too wide) in paragraph at lines 69--71
 \OT1/cmr/bx/n/10 2026 
 []


Overfull \hbox (20.0pt too wide) in paragraph at lines 73--73
[] 
 []


! LaTeX Error: Environment tikzpicture undefined.

See the LaTeX manual or LaTeX Companion for explanation.
Type  H <return>  for immediate help.
 ...                                              
                                                  
l.75 	\begin{tikzpicture}
                         [overlay,remember picture]
Your command was ignored.
Type  I <command> <return>  to replace it with another command,
or  <return>  to continue without it.

Missing character: There is no [ in font nullfont!
Missing character: There is no o in font nullfont!
Missing character: There is no v in font nullfont!
Missing character: There is no e in font nullfont!
Missing character: There is no r in font nullfont!
Missing character: There is no l in font nullfont!
Missing character: There is no a in font nullfont!
Missing character: There is no y in font nullfont!
Missing character: There is no , in font nullfont!
Missing character: There is no r in font nullfont!
Missing character: There is no e in font nullfont!
Missing character: There is no m in font nullfont!
Missing character: There is no e in font nullfont!
Missing character: There is no m in font nullfont!
Missing character: There is no b in font nullfont!
Missing character: There is no e in font nullfont!
Missing character: There is no r in font nullfont!
Missing character: There is no p in font nullfont!
Missing character: There is no i in font nullfont!
Missing character: There is no c in font nullfont!
Missing character: There is no t in font nullfont!
Missing character: There is no u in font nullfont!
Missing character: There is no r in font nullfont!
Missing character: There is no e in font nullfont!
Missing character: There is no ] in font nullfont!
! Undefined control sequence.
l.76 		\draw
             [line width=3pt,rounded corners=0pt,
The control sequence at the end of the top line
of your error message was never \def'ed. If you have
misspelled it (e.g., `\hobx'), type `I' and the correct
spelling (e.g., `I\hbox'). Otherwise just continue,
and I'll forget about whatever was undefined.

Missing character: There is no [ in font nullfont!
Missing character: There is no l in font nullfont!
Missing character: There is no i in font nullfont!
Missing character: There is no n in font nullfont!
Missing character: There is no e in font nullfont!
Missing character: There is no w in font nullfont!
Missing character: There is no i in font nullfont!
Missing character: There is no d in font nullfont!
Missing character: There is no t in font nullfont!
Missing character: There is no h in font nullfont!
Missing character: There is no = in font nullfont!
Missing character: There is no 3 in font nullfont!
Missing character: There is no p in font nullfont!
Missing character: There is no t in font nullfont!
Missing character: There is no , in font nullfont!
Missing character: There is no r in font nullfont!
Missing character: There is no o in font nullfont!
Missing character: There is no u in font nullfont!
Missing character: There is no n in font nullfont!
Missing character: There is no d in font nullfont!
Missing character: There is no e in font nullfont!
Missing character: There is no d in font nullfont!
Missing character: There is no c in font nullfont!
Missing character: There is no o in font nullfont!
Missing character: There is no r in font nullfont!
Missing character: There is no n in font nullfont!
Missing character: There is no e in font nullfont!
Missing character: There is no r in font nullfont!
Missing character: There is no s in font nullfont!
Missing character: There is no = in font nullfont!
Missing character: There is no 0 in font nullfont!
Missing character: There is no p in font nullfont!
Missing character: There is no t in font nullfont!
Missing character: There is no , in font nullfont!
Missing character: There is no ] in font nullfont!
Missing character: There is no ( in font nullfont!
Missing character: There is no ) in font nullfont!
Missing character: There is no r in font nullfont!
Missing character: There is no e in font nullfont!
Missing character: There is no c in font nullfont!
Missing character: There is no t in font nullfont!
Missing character: There is no a in font nullfont!
Missing character: There is no n in font nullfont!
Missing character: There is no g in font nullfont!
Missing character: There is no l in font nullfont!
Missing character: There is no e in font nullfont!
Missing character: There is no ( in font nullfont!
Missing character: There is no ) in font nullfont!
Missing character: There is no ; in font nullfont!
! Undefined control sequence.
l.81 		\draw
             [line width=1pt,rounded corners=0pt]
The control sequence at the end of the top line
of your error message was never \def'ed. If you have
misspelled it (e.g., `\hobx'), type `I' and the correct
spelling (e.g., `I\hbox'). Otherwise just continue,
and I'll forget about whatever was undefined.

Missing character: There is no [ in font nullfont!
Missing character: There is no l in font nullfont!
Missing character: There is no i in font nullfont!
Missing character: There is no n in font nullfont!
Missing character: There is no e in font nullfont!
Missing character: There is no w in font nullfont!
Missing character: There is no i in font nullfont!
Missing character: There is no d in font nullfont!
Missing character: There is no t in font nullfont!
Missing character: There is no h in font nullfont!
Missing character: There is no = in font nullfont!
Missing character: There is no 1 in font nullfont!
Missing character: There is no p in font nullfont!
Missing character: There is no t in font nullfont!
Missing character: There is no , in font nullfont!
Missing character: There is no r in font nullfont!
Missing character: There is no o in font nullfont!
Missing character: There is no u in font nullfont!
Missing character: There is no n in font nullfont!
Missing character: There is no d in font nullfont!
Missing character: There is no e in font nullfont!
Missing character: There is no d in font nullfont!
Missing character: There is no c in font nullfont!
Missing character: There is no o in font nullfont!
Missing character: There is no r in font nullfont!
Missing character: There is no n in font nullfont!
Missing character: There is no e in font nullfont!
Missing character: There is no r in font nullfont!
Missing character: There is no s in font nullfont!
Missing character: There is no = in font nullfont!
Missing character: There is no 0 in font nullfont!
Missing character: There is no p in font nullfont!
Missing character: There is no t in font nullfont!
Missing character: There is no ] in font nullfont!
Missing character: There is no ( in font nullfont!
Missing character: There is no ) in font nullfont!
Missing character: There is no r in font nullfont!
Missing character: There is no e in font nullfont!
Missing character: There is no c in font nullfont!
Missing character: There is no t in font nullfont!
Missing character: There is no a in font nullfont!
Missing character: There is no n in font nullfont!
Missing character: There is no g in font nullfont!
Missing character: There is no l in font nullfont!
Missing character: There is no e in font nullfont!
Missing character: There is no ( in font nullfont!
Missing character: There is no ) in font nullfont!
Missing character: There is no ; in font nullfont!

! LaTeX Error: \begin{center} on input line 73 ended by \end{tikzpicture}.

See the LaTeX manual or LaTeX Companion for explanation.
Type  H <return>  for immediate help.
 ...                                              
                                                  
l.85 	\end{tikzpicture}
                       
Your command was ignored.
Type  I <command> <return>  to replace it with another command,
or  <return>  to continue without it.


Overfull \hbox (117.73064pt too wide) in paragraph at lines 75--86
 \OT1/cmr/m/n/10 (\OML/cmm/m/it/10 currentpage:northwest\OT1/cmr/m/n/10 ) + 
 []


Overfull \hbox (75.12062pt too wide) in paragraph at lines 75--86
 \OT1/cmr/m/n/10 (25\OML/cmm/m/it/10 mm; \OMS/cmsy/m/n/10 ^^@\OT1/cmr/m/n/10 25
\OML/cmm/m/it/10 mm\OT1/cmr/m/n/10 )$ 
 []


Overfull \hbox (115.20863pt too wide) in paragraph at lines 75--86
 \OT1/cmr/m/n/10 (\OML/cmm/m/it/10 currentpage:southeast\OT1/cmr/m/n/10 ) + 
 []


Overfull \hbox (75.12062pt too wide) in paragraph at lines 75--86
 \OT1/cmr/m/n/10 (\OMS/cmsy/m/n/10 ^^@\OT1/cmr/m/n/10 15\OML/cmm/m/it/10 mm; \O
T1/cmr/m/n/10 25\OML/cmm/m/it/10 mm\OT1/cmr/m/n/10 )$ 
 []


Overfull \hbox (117.73064pt too wide) in paragraph at lines 75--86
 \OT1/cmr/m/n/10 (\OML/cmm/m/it/10 currentpage:northwest\OT1/cmr/m/n/10 ) + 
 []


Overfull \hbox (90.67622pt too wide) in paragraph at lines 75--86
 \OT1/cmr/m/n/10 (26\OML/cmm/m/it/10 :\OT1/cmr/m/n/10 5\OML/cmm/m/it/10 mm; \OM
S/cmsy/m/n/10 ^^@\OT1/cmr/m/n/10 26\OML/cmm/m/it/10 :\OT1/cmr/m/n/10 5\OML/cmm/
m/it/10 mm\OT1/cmr/m/n/10 )$ 
 []


Overfull \hbox (115.20863pt too wide) in paragraph at lines 75--86
 \OT1/cmr/m/n/10 (\OML/cmm/m/it/10 currentpage:southeast\OT1/cmr/m/n/10 ) + 
 []


Overfull \hbox (90.67622pt too wide) in paragraph at lines 75--86
 \OT1/cmr/m/n/10 (\OMS/cmsy/m/n/10 ^^@\OT1/cmr/m/n/10 16\OML/cmm/m/it/10 :\OT1/
cmr/m/n/10 5\OML/cmm/m/it/10 mm; \OT1/cmr/m/n/10 26\OML/cmm/m/it/10 :\OT1/cmr/m
/n/10 5\OML/cmm/m/it/10 mm\OT1/cmr/m/n/10 )$ 
 []


Overfull \hbox (32.44426pt too wide) in paragraph at lines 87--87
 \OT1/cmr/bx/n/10 VIET- 
 []


Overfull \hbox (28.61096pt too wide) in paragraph at lines 87--87
 \OT1/cmr/bx/n/10 NAM 
 []


Overfull \hbox (21.52766pt too wide) in paragraph at lines 87--87
 \OT1/cmr/bx/n/10 NA- 
 []


Overfull \hbox (45.61086pt too wide) in paragraph at lines 87--87
 \OT1/cmr/bx/n/10 TIONAL 
 []


Overfull \hbox (26.04152pt too wide) in paragraph at lines 87--87
 \OT1/cmr/bx/n/10 UNI- 
 []


Overfull \hbox (28.70818pt too wide) in paragraph at lines 87--87
 \OT1/cmr/bx/n/10 VER- 
 []


Overfull \hbox (30.63872pt too wide) in paragraph at lines 87--87
 \OT1/cmr/bx/n/10 SITY, 
 []


Overfull \hbox (39.69423pt too wide) in paragraph at lines 87--87
 \OT1/cmr/bx/n/10 HANOI 
 []


Overfull \hbox (74.52736pt too wide) in paragraph at lines 87--88
 []\OT1/cmr/bx/n/10 UNIVERSITY 
 []


Overfull \hbox (15.87491pt too wide) in paragraph at lines 87--88
 \OT1/cmr/bx/n/10 OF 
 []


Overfull \hbox (20.38878pt too wide) in paragraph at lines 87--88
 \OT1/cmr/bx/n/10 EN- 
 []


Overfull \hbox (17.23601pt too wide) in paragraph at lines 87--88
 \OT1/cmr/bx/n/10 GI- 
 []


Overfull \hbox (36.56924pt too wide) in paragraph at lines 87--88
 \OT1/cmr/bx/n/10 NEER- 
 []


Overfull \hbox (22.40265pt too wide) in paragraph at lines 87--88
 \OT1/cmr/bx/n/10 ING 
 []


Overfull \hbox (26.51375pt too wide) in paragraph at lines 87--88
 \OT1/cmr/bx/n/10 AND 
 []


Overfull \hbox (36.69424pt too wide) in paragraph at lines 87--88
 \OT1/cmr/bx/n/10 TECH- 
 []


Overfull \hbox (28.38873pt too wide) in paragraph at lines 87--88
 \OT1/cmr/bx/n/10 NOL- 
 []


Overfull \hbox (26.66234pt too wide) in paragraph at lines 87--88
 \OT1/cmr/bx/n/10 OGY 
 []

! Undefined control sequence.
l.89 	\includegraphics
                      [width=0.2\linewidth]{figures/uet}
The control sequence at the end of the top line
of your error message was never \def'ed. If you have
misspelled it (e.g., `\hobx'), type `I' and the correct
spelling (e.g., `I\hbox'). Otherwise just continue,
and I'll forget about whatever was undefined.

Missing character: There is no [ in font nullfont!
Missing character: There is no w in font nullfont!
Missing character: There is no i in font nullfont!
Missing character: There is no d in font nullfont!
Missing character: There is no t in font nullfont!
Missing character: There is no h in font nullfont!
Missing character: There is no = in font nullfont!
Missing character: There is no 0 in font nullfont!
Missing character: There is no . in font nullfont!
Missing character: There is no 2 in font nullfont!
! Missing number, treated as zero.
<to be read again> 
                   ]
l.89 	\includegraphics[width=0.2\linewidth]
                                           {figures/uet}
A number should have been here; I inserted `0'.
(If you can't figure out why I needed to see a number,
look up `weird error' in the index to The TeXbook.)

! Illegal unit of measure (pt inserted).
<to be read again> 
                   ]
l.89 	\includegraphics[width=0.2\linewidth]
                                           {figures/uet}
Dimensions can be in units of em, ex, in, pt, pc,
cm, mm, dd, cc, nd, nc, bp, or sp; but yours is a new one!
I'll assume that you meant to say pt, for printer's points.
To recover gracefully from this error, it's best to
delete the erroneous units; e.g., type `2' to delete
two letters. (See Chapter 27 of The TeXbook.)

Missing character: There is no ] in font nullfont!
Missing character: There is no f in font nullfont!
Missing character: There is no i in font nullfont!
Missing character: There is no g in font nullfont!
Missing character: There is no u in font nullfont!
Missing character: There is no r in font nullfont!
Missing character: There is no e in font nullfont!
Missing character: There is no s in font nullfont!
Missing character: There is no / in font nullfont!
Missing character: There is no u in font nullfont!
Missing character: There is no e in font nullfont!
Missing character: There is no t in font nullfont!

Overfull \hbox (38.54842pt too wide) in paragraph at lines 91--92
 []\OT1/cmr/bx/n/10 Nguyen 
 []


Overfull \hbox (32.75674pt too wide) in paragraph at lines 91--92
 \OT1/cmr/bx/n/10 Thanh 
 []


Overfull \hbox (24.31235pt too wide) in paragraph at lines 91--92
 \OT1/cmr/bx/n/10 Phat 
 []


Overfull \hbox (47.52751pt too wide) in paragraph at lines 94--95
 []\OT1/cmr/bx/n/10 CAUSAL 
 []


Overfull \hbox (17.19435pt too wide) in paragraph at lines 94--95
 \OT1/cmr/bx/n/10 IN- 
 []


Overfull \hbox (27.24985pt too wide) in paragraph at lines 94--95
 \OT1/cmr/bx/n/10 FER- 
 []


Overfull \hbox (32.41649pt too wide) in paragraph at lines 94--95
 \OT1/cmr/bx/n/10 ENCE 
 []


Overfull \hbox (17.6388pt too wide) in paragraph at lines 94--95
 \OT1/cmr/bx/n/10 ON 
 []


Overfull \hbox (30.83316pt too wide) in paragraph at lines 94--95
 \OT1/cmr/bx/n/10 TIME 
 []


Overfull \hbox (17.77768pt too wide) in paragraph at lines 94--95
 \OT1/cmr/bx/n/10 SE- 
 []


Overfull \hbox (26.9304pt too wide) in paragraph at lines 94--95
 \OT1/cmr/bx/n/10 RIES 
 []


Overfull \hbox (31.97205pt too wide) in paragraph at lines 94--95
 \OT1/cmr/bx/n/10 DATA 
 []


Overfull \hbox (75.18015pt too wide) in paragraph at lines 98--98
 []\OT1/cmr/bx/n/10 BACHELOR'S 
 []


Overfull \hbox (28.38873pt too wide) in paragraph at lines 98--98
 \OT1/cmr/bx/n/10 THE- 
 []


Overfull \hbox (17.1388pt too wide) in paragraph at lines 98--98
 \OT1/cmr/bx/n/10 SIS 
 []


Overfull \hbox (34.34009pt too wide) in paragraph at lines 98--99
 []\OT1/cmr/bx/n/10 Major: 
 []


Overfull \hbox (14.58325pt too wide) in paragraph at lines 98--99
 \OT1/cmr/bx/n/10 In- 
 []


Overfull \hbox (17.83325pt too wide) in paragraph at lines 98--99
 \OT1/cmr/bx/n/10 for- 
 []


Overfull \hbox (19.00682pt too wide) in paragraph at lines 98--99
 \OT1/cmr/bx/n/10 ma- 
 []


Overfull \hbox (19.80545pt too wide) in paragraph at lines 98--99
 \OT1/cmr/bx/n/10 tion 
 []


Overfull \hbox (27.32625pt too wide) in paragraph at lines 98--99
 \OT1/cmr/bx/n/10 Tech- 
 []


Overfull \hbox (19.16656pt too wide) in paragraph at lines 98--99
 \OT1/cmr/bx/n/10 nol- 
 []


Overfull \hbox (17.72908pt too wide) in paragraph at lines 98--99
 \OT1/cmr/bx/n/10 ogy 
 []


Overfull \hbox (53.30986pt too wide) in paragraph at lines 101--103
|  \OT1/cmr/bx/n/10 Su-
 []


Overfull \hbox (20.54852pt too wide) in paragraph at lines 101--103
\OT1/cmr/bx/n/10 per-
 []


Overfull \hbox (13.09715pt too wide) in paragraph at lines 101--103
\OT1/cmr/bx/n/10 vi-
 []


Overfull \hbox (18.21657pt too wide) in paragraph at lines 101--103
\OT1/cmr/bx/n/10 sor:
 []


Overfull \hbox (16.74992pt too wide) in paragraph at lines 101--103
\OT1/cmr/bx/n/10 Dr.
 []


Overfull \hbox (38.54842pt too wide) in paragraph at lines 101--103
\OT1/cmr/bx/n/10 Nguyen
 []


Overfull \hbox (19.71515pt too wide) in paragraph at lines 101--103
\OT1/cmr/bx/n/10 Van
 []


Overfull \hbox (18.52768pt too wide) in paragraph at lines 101--103
\OT1/cmr/bx/n/10 Son 
 []


Overfull \hbox (54.58763pt too wide) in paragraph at lines 101--103
|  \OT1/cmr/bx/n/10 Co-
 []


Overfull \hbox (56.97333pt too wide) in paragraph at lines 101--103
\OT1/cmr/bx/n/10 Supervisor:
 []


Overfull \hbox (17.06378pt too wide) in paragraph at lines 101--103
\OT1/cmr/bx/n/10 As-
 []


Overfull \hbox (14.11935pt too wide) in paragraph at lines 101--103
\OT1/cmr/bx/n/10 so-
 []


Overfull \hbox (23.63875pt too wide) in paragraph at lines 101--103
\OT1/cmr/bx/n/10 ciate
 []


Overfull \hbox (22.18045pt too wide) in paragraph at lines 101--103
\OT1/cmr/bx/n/10 Pro-
 []


Overfull \hbox (17.15407pt too wide) in paragraph at lines 101--103
\OT1/cmr/bx/n/10 fes-
 []


Overfull \hbox (15.02214pt too wide) in paragraph at lines 101--103
\OT1/cmr/bx/n/10 sor
 []


Overfull \hbox (13.48604pt too wide) in paragraph at lines 101--103
\OT1/cmr/bx/n/10 Vo
 []


Overfull \hbox (24.79153pt too wide) in paragraph at lines 101--103
\OT1/cmr/bx/n/10 Dinh
 []


Overfull \hbox (27.04848pt too wide) in paragraph at lines 101--103
\OT1/cmr/bx/n/10 Hieu,
 []


Overfull \hbox (23.06932pt too wide) in paragraph at lines 101--103
\OT1/cmr/bx/n/10 PhD 
 []


Overfull \hbox (20.0pt too wide) in paragraph at lines 104--104
[] 
 []


Overfull \hbox (17.69435pt too wide) in paragraph at lines 105--107
 \OT1/cmr/bx/n/10 HA 
 []


Overfull \hbox (21.99988pt too wide) in paragraph at lines 105--107
 \OT1/cmr/bx/n/10 NOI 
 []


Overfull \hbox (3.83331pt too wide) in paragraph at lines 105--107
 \OT1/cmr/bx/n/10 - 
 []


Overfull \hbox (22.99988pt too wide) in paragraph at lines 105--107
 \OT1/cmr/bx/n/10 2026 
 []

)
! Emergency stop.
<*> cover.tex
             
*** (job aborted, no legal \end found)

 
Here is how much of TeX's memory you used:
 57 strings out of 474222
 773 string characters out of 5748733
 1929975 words of memory out of 5000000
 22408 multiletter control sequences out of 15000+600000
 558377 words of font info for 37 fonts, out of 8000000 for 9000
 1141 hyphenation exceptions out of 8191
 27i,5n,25p,141b,208s stack positions out of 10000i,1000n,20000p,200000b,200000s
!  ==> Fatal error occurred, no output PDF file produced!
