This is pdfTeX, Version 3.141592653-2.6-1.40.25 (TeX Live 2023/Debian) (preloaded format=pdflatex 2025.11.4)  8 MAY 2026 13:24
entering extended mode
 restricted \write18 enabled.
 %&-line parsing enabled.
**thesis.tex
(./thesis.tex
LaTeX2e <2023-11-01> patch level 1
L3 programming layer <2024-01-22>
(/usr/share/texlive/texmf-dist/tex/latex/base/report.cls
Document Class: report 2023/05/17 v1.4n Standard LaTeX document class
(/usr/share/texlive/texmf-dist/tex/latex/base/size10.clo
File: size10.clo 2023/05/17 v1.4n Standard LaTeX file (size option)
)
\c@part=\count187
\c@chapter=\count188
\c@section=\count189
\c@subsection=\count190
\c@subsubsection=\count191
\c@paragraph=\count192
\c@subparagraph=\count193
\c@figure=\count194
\c@table=\count195
\abovecaptionskip=\skip48
\belowcaptionskip=\skip49
\bibindent=\dimen140
)
(/usr/share/texlive/texmf-dist/tex/latex/base/fontenc.sty
Package: fontenc 2021/04/29 v2.0v Standard LaTeX package

(/usr/share/texlive/texmf-dist/tex/latex/vntex/t5enc.def
File: t5enc.def 2006/11/21 v1.4 Vietnamese T5 encoding
Now handling font encoding T5 ...
... processing UTF-8 mapping file for font encoding T5

(/usr/share/texlive/texmf-dist/tex/latex/vntex/t5enc.dfu
File: t5enc.dfu 2006/08/19 v1.1 UTF8 support for Vietnamese
   defining Unicode char U+00AB (decimal 171)
   defining Unicode char U+00BB (decimal 187)
   defining Unicode char U+00C0 (decimal 192)
   defining Unicode char U+00C1 (decimal 193)
   defining Unicode char U+00C2 (decimal 194)
   defining Unicode char U+00C3 (decimal 195)
   defining Unicode char U+00C8 (decimal 200)
   defining Unicode char U+00C9 (decimal 201)
   defining Unicode char U+00CA (decimal 202)
   defining Unicode char U+00CC (decimal 204)
   defining Unicode char U+00CD (decimal 205)
   defining Unicode char U+00D2 (decimal 210)
   defining Unicode char U+00D3 (decimal 211)
   defining Unicode char U+00D4 (decimal 212)
   defining Unicode char U+00D5 (decimal 213)
   defining Unicode char U+00D9 (decimal 217)
   defining Unicode char U+00DA (decimal 218)
   defining Unicode char U+00DD (decimal 221)
   defining Unicode char U+00E0 (decimal 224)
   defining Unicode char U+00E1 (decimal 225)
   defining Unicode char U+00E2 (decimal 226)
   defining Unicode char U+00E3 (decimal 227)
   defining Unicode char U+00E8 (decimal 232)
   defining Unicode char U+00E9 (decimal 233)
   defining Unicode char U+00EA (decimal 234)
   defining Unicode char U+00EC (decimal 236)
   defining Unicode char U+00ED (decimal 237)
   defining Unicode char U+00F2 (decimal 242)
   defining Unicode char U+00F3 (decimal 243)
   defining Unicode char U+00F4 (decimal 244)
   defining Unicode char U+00F5 (decimal 245)
   defining Unicode char U+00F9 (decimal 249)
   defining Unicode char U+00FA (decimal 250)
   defining Unicode char U+00FD (decimal 253)
   defining Unicode char U+0102 (decimal 258)
   defining Unicode char U+0103 (decimal 259)
   defining Unicode char U+0110 (decimal 272)
   defining Unicode char U+0111 (decimal 273)
   defining Unicode char U+0128 (decimal 296)
   defining Unicode char U+0129 (decimal 297)
   defining Unicode char U+0131 (decimal 305)
   defining Unicode char U+0168 (decimal 360)
   defining Unicode char U+0169 (decimal 361)
   defining Unicode char U+01A0 (decimal 416)
   defining Unicode char U+01A1 (decimal 417)
   defining Unicode char U+01AF (decimal 431)
   defining Unicode char U+01B0 (decimal 432)
   defining Unicode char U+1EA0 (decimal 7840)
   defining Unicode char U+1EA1 (decimal 7841)
   defining Unicode char U+1EA2 (decimal 7842)
   defining Unicode char U+1EA3 (decimal 7843)
   defining Unicode char U+1EA4 (decimal 7844)
   defining Unicode char U+1EA5 (decimal 7845)
   defining Unicode char U+1EA6 (decimal 7846)
   defining Unicode char U+1EA7 (decimal 7847)
   defining Unicode char U+1EA8 (decimal 7848)
   defining Unicode char U+1EA9 (decimal 7849)
   defining Unicode char U+1EAA (decimal 7850)
   defining Unicode char U+1EAB (decimal 7851)
   defining Unicode char U+1EAC (decimal 7852)
   defining Unicode char U+1EAD (decimal 7853)
   defining Unicode char U+1EAE (decimal 7854)
   defining Unicode char U+1EAF (decimal 7855)
   defining Unicode char U+1EB0 (decimal 7856)
   defining Unicode char U+1EB1 (decimal 7857)
   defining Unicode char U+1EB2 (decimal 7858)
   defining Unicode char U+1EB3 (decimal 7859)
   defining Unicode char U+1EB4 (decimal 7860)
   defining Unicode char U+1EB5 (decimal 7861)
   defining Unicode char U+1EB6 (decimal 7862)
   defining Unicode char U+1EB7 (decimal 7863)
   defining Unicode char U+1EB8 (decimal 7864)
   defining Unicode char U+1EB9 (decimal 7865)
   defining Unicode char U+1EBA (decimal 7866)
   defining Unicode char U+1EBB (decimal 7867)
   defining Unicode char U+1EBC (decimal 7868)
   defining Unicode char U+1EBD (decimal 7869)
   defining Unicode char U+1EBE (decimal 7870)
   defining Unicode char U+1EBF (decimal 7871)
   defining Unicode char U+1EC0 (decimal 7872)
   defining Unicode char U+1EC1 (decimal 7873)
   defining Unicode char U+1EC2 (decimal 7874)
   defining Unicode char U+1EC3 (decimal 7875)
   defining Unicode char U+1EC4 (decimal 7876)
   defining Unicode char U+1EC5 (decimal 7877)
   defining Unicode char U+1EC6 (decimal 7878)
   defining Unicode char U+1EC7 (decimal 7879)
   defining Unicode char U+1EC8 (decimal 7880)
   defining Unicode char U+1EC9 (decimal 7881)
   defining Unicode char U+1ECA (decimal 7882)
   defining Unicode char U+1ECB (decimal 7883)
   defining Unicode char U+1ECC (decimal 7884)
   defining Unicode char U+1ECD (decimal 7885)
   defining Unicode char U+1ECE (decimal 7886)
   defining Unicode char U+1ECF (decimal 7887)
   defining Unicode char U+1ED0 (decimal 7888)
   defining Unicode char U+1ED1 (decimal 7889)
   defining Unicode char U+1ED2 (decimal 7890)
   defining Unicode char U+1ED3 (decimal 7891)
   defining Unicode char U+1ED4 (decimal 7892)
   defining Unicode char U+1ED5 (decimal 7893)
   defining Unicode char U+1ED6 (decimal 7894)
   defining Unicode char U+1ED7 (decimal 7895)
   defining Unicode char U+1ED8 (decimal 7896)
   defining Unicode char U+1ED9 (decimal 7897)
   defining Unicode char U+1EDA (decimal 7898)
   defining Unicode char U+1EDB (decimal 7899)
   defining Unicode char U+1EDC (decimal 7900)
   defining Unicode char U+1EDD (decimal 7901)
   defining Unicode char U+1EDE (decimal 7902)
   defining Unicode char U+1EDF (decimal 7903)
   defining Unicode char U+1EE0 (decimal 7904)
   defining Unicode char U+1EE1 (decimal 7905)
   defining Unicode char U+1EE2 (decimal 7906)
   defining Unicode char U+1EE3 (decimal 7907)
   defining Unicode char U+1EE4 (decimal 7908)
   defining Unicode char U+1EE5 (decimal 7909)
   defining Unicode char U+1EE6 (decimal 7910)
   defining Unicode char U+1EE7 (decimal 7911)
   defining Unicode char U+1EE8 (decimal 7912)
   defining Unicode char U+1EE9 (decimal 7913)
   defining Unicode char U+1EEA (decimal 7914)
   defining Unicode char U+1EEB (decimal 7915)
   defining Unicode char U+1EEC (decimal 7916)
   defining Unicode char U+1EED (decimal 7917)
   defining Unicode char U+1EEE (decimal 7918)
   defining Unicode char U+1EEF (decimal 7919)
   defining Unicode char U+1EF0 (decimal 7920)
   defining Unicode char U+1EF1 (decimal 7921)
   defining Unicode char U+1EF2 (decimal 7922)
   defining Unicode char U+1EF3 (decimal 7923)
   defining Unicode char U+1EF4 (decimal 7924)
   defining Unicode char U+1EF5 (decimal 7925)
   defining Unicode char U+1EF6 (decimal 7926)
   defining Unicode char U+1EF7 (decimal 7927)
   defining Unicode char U+1EF8 (decimal 7928)
   defining Unicode char U+1EF9 (decimal 7929)
   defining Unicode char U+200C (decimal 8204)
   defining Unicode char U+2013 (decimal 8211)
   defining Unicode char U+2014 (decimal 8212)
   defining Unicode char U+2018 (decimal 8216)
   defining Unicode char U+2019 (decimal 8217)
   defining Unicode char U+201A (decimal 8218)
   defining Unicode char U+201C (decimal 8220)
   defining Unicode char U+201D (decimal 8221)
   defining Unicode char U+201E (decimal 8222)
   defining Unicode char U+2030 (decimal 8240)
   defining Unicode char U+2031 (decimal 8241)
   defining Unicode char U+2039 (decimal 8249)
   defining Unicode char U+203A (decimal 8250)
   defining Unicode char U+2423 (decimal 9251)
))
LaTeX Font Info:    Trying to load font information for T5+cmr on input line 11
2.

(/usr/share/texlive/texmf-dist/tex/latex/vntex/t5cmr.fd
File: t5cmr.fd 1999/05/25 v2.5h Standard LaTeX font definitions
))
(/usr/share/texlive/texmf-dist/tex/latex/base/inputenc.sty
Package: inputenc 2021/02/14 v1.3d Input encoding file
\inpenc@prehook=\toks17
\inpenc@posthook=\toks18
)
(/usr/share/texlive/texmf-dist/tex/latex/amsmath/amsmath.sty
Package: amsmath 2023/05/13 v2.17o AMS math features
\@mathmargin=\skip50

For additional information on amsmath, use the `?' option.
(/usr/share/texlive/texmf-dist/tex/latex/amsmath/amstext.sty
Package: amstext 2021/08/26 v2.01 AMS text

(/usr/share/texlive/texmf-dist/tex/latex/amsmath/amsgen.sty
File: amsgen.sty 1999/11/30 v2.0 generic functions
\@emptytoks=\toks19
\ex@=\dimen141
))
(/usr/share/texlive/texmf-dist/tex/latex/amsmath/amsbsy.sty
Package: amsbsy 1999/11/29 v1.2d Bold Symbols
\pmbraise@=\dimen142
)
(/usr/share/texlive/texmf-dist/tex/latex/amsmath/amsopn.sty
Package: amsopn 2022/04/08 v2.04 operator names
)
\inf@bad=\count196
LaTeX Info: Redefining \frac on input line 234.
\uproot@=\count197
\leftroot@=\count198
LaTeX Info: Redefining \overline on input line 399.
LaTeX Info: Redefining \colon on input line 410.
\classnum@=\count199
\DOTSCASE@=\count266
LaTeX Info: Redefining \ldots on input line 496.
LaTeX Info: Redefining \dots on input line 499.
LaTeX Info: Redefining \cdots on input line 620.
\Mathstrutbox@=\box51
\strutbox@=\box52
LaTeX Info: Redefining \big on input line 722.
LaTeX Info: Redefining \Big on input line 723.
LaTeX Info: Redefining \bigg on input line 724.
LaTeX Info: Redefining \Bigg on input line 725.
\big@size=\dimen143
LaTeX Font Info:    Redeclaring font encoding OML on input line 743.
LaTeX Font Info:    Redeclaring font encoding OMS on input line 744.
\macc@depth=\count267
LaTeX Info: Redefining \bmod on input line 905.
LaTeX Info: Redefining \pmod on input line 910.
LaTeX Info: Redefining \smash on input line 940.
LaTeX Info: Redefining \relbar on input line 970.
LaTeX Info: Redefining \Relbar on input line 971.
\c@MaxMatrixCols=\count268
\dotsspace@=\muskip16
\c@parentequation=\count269
\dspbrk@lvl=\count270
\tag@help=\toks20
\row@=\count271
\column@=\count272
\maxfields@=\count273
\andhelp@=\toks21
\eqnshift@=\dimen144
\alignsep@=\dimen145
\tagshift@=\dimen146
\tagwidth@=\dimen147
\totwidth@=\dimen148
\lineht@=\dimen149
\@envbody=\toks22
\multlinegap=\skip51
\multlinetaggap=\skip52
\mathdisplay@stack=\toks23
LaTeX Info: Redefining \[ on input line 2953.
LaTeX Info: Redefining \] on input line 2954.
)
(/usr/share/texlive/texmf-dist/tex/latex/amsfonts/amsfonts.sty
Package: amsfonts 2013/01/14 v3.01 Basic AMSFonts support
\symAMSa=\mathgroup4
\symAMSb=\mathgroup5
LaTeX Font Info:    Redeclaring math symbol \hbar on input line 98.
LaTeX Font Info:    Overwriting math alphabet `\mathfrak' in version `bold'
(Font)                  U/euf/m/n --> U/euf/b/n on input line 106.
)
(/usr/share/texlive/texmf-dist/tex/latex/amsfonts/amssymb.sty
Package: amssymb 2013/01/14 v3.01 AMS font symbols
)
(/usr/share/texlive/texmf-dist/tex/latex/graphics/graphicx.sty
Package: graphicx 2021/09/16 v1.2d Enhanced LaTeX Graphics (DPC,SPQR)

(/usr/share/texlive/texmf-dist/tex/latex/graphics/keyval.sty
Package: keyval 2022/05/29 v1.15 key=value parser (DPC)
\KV@toks@=\toks24
)
(/usr/share/texlive/texmf-dist/tex/latex/graphics/graphics.sty
Package: graphics 2022/03/10 v1.4e Standard LaTeX Graphics (DPC,SPQR)

(/usr/share/texlive/texmf-dist/tex/latex/graphics/trig.sty
Package: trig 2021/08/11 v1.11 sin cos tan (DPC)
)
(/usr/share/texlive/texmf-dist/tex/latex/graphics-cfg/graphics.cfg
File: graphics.cfg 2016/06/04 v1.11 sample graphics configuration
)
Package graphics Info: Driver file: pdftex.def on input line 107.

(/usr/share/texlive/texmf-dist/tex/latex/graphics-def/pdftex.def
File: pdftex.def 2022/09/22 v1.2b Graphics/color driver for pdftex
))
\Gin@req@height=\dimen150
\Gin@req@width=\dimen151
)
(/usr/share/texlive/texmf-dist/tex/latex/tools/xspace.sty
Package: xspace 2014/10/28 v1.13 Space after command names (DPC,MH)
)
(/usr/share/texlive/texmf-dist/tex/latex/caption/caption.sty
Package: caption 2023/08/05 v3.6o Customizing captions (AR)

(/usr/share/texlive/texmf-dist/tex/latex/caption/caption3.sty
Package: caption3 2023/07/31 v2.4d caption3 kernel (AR)
\caption@tempdima=\dimen152
\captionmargin=\dimen153
\caption@leftmargin=\dimen154
\caption@rightmargin=\dimen155
\caption@width=\dimen156
\caption@indent=\dimen157
\caption@parindent=\dimen158
\caption@hangindent=\dimen159
Package caption Info: Standard document class detected.
)
\c@caption@flags=\count274
\c@continuedfloat=\count275
)
(/usr/share/texlive/texmf-dist/tex/latex/booktabs/booktabs.sty
Package: booktabs 2020/01/12 v1.61803398 Publication quality tables
\heavyrulewidth=\dimen160
\lightrulewidth=\dimen161
\cmidrulewidth=\dimen162
\belowrulesep=\dimen163
\belowbottomsep=\dimen164
\aboverulesep=\dimen165
\abovetopsep=\dimen166
\cmidrulesep=\dimen167
\cmidrulekern=\dimen168
\defaultaddspace=\dimen169
\@cmidla=\count276
\@cmidlb=\count277
\@aboverulesep=\dimen170
\@belowrulesep=\dimen171
\@thisruleclass=\count278
\@lastruleclass=\count279
\@thisrulewidth=\dimen172
)
(/usr/share/texlive/texmf-dist/tex/latex/hyperref/hyperref.sty
Package: hyperref 2024-01-20 v7.01h Hypertext links for LaTeX

(/usr/share/texlive/texmf-dist/tex/generic/iftex/iftex.sty
Package: iftex 2022/02/03 v1.0f TeX engine tests
)
(/usr/share/texlive/texmf-dist/tex/latex/kvsetkeys/kvsetkeys.sty
Package: kvsetkeys 2022-10-05 v1.19 Key value parser (HO)
)
(/usr/share/texlive/texmf-dist/tex/generic/kvdefinekeys/kvdefinekeys.sty
Package: kvdefinekeys 2019-12-19 v1.6 Define keys (HO)
)
(/usr/share/texlive/texmf-dist/tex/generic/pdfescape/pdfescape.sty
Package: pdfescape 2019/12/09 v1.15 Implements pdfTeX's escape features (HO)

(/usr/share/texlive/texmf-dist/tex/generic/ltxcmds/ltxcmds.sty
Package: ltxcmds 2023-12-04 v1.26 LaTeX kernel commands for general use (HO)
)
(/usr/share/texlive/texmf-dist/tex/generic/pdftexcmds/pdftexcmds.sty
Package: pdftexcmds 2020-06-27 v0.33 Utility functions of pdfTeX for LuaTeX (HO
)

(/usr/share/texlive/texmf-dist/tex/generic/infwarerr/infwarerr.sty
Package: infwarerr 2019/12/03 v1.5 Providing info/warning/error messages (HO)
)
Package pdftexcmds Info: \pdf@primitive is available.
Package pdftexcmds Info: \pdf@ifprimitive is available.
Package pdftexcmds Info: \pdfdraftmode found.
))
(/usr/share/texlive/texmf-dist/tex/latex/hycolor/hycolor.sty
Package: hycolor 2020-01-27 v1.10 Color options for hyperref/bookmark (HO)
)
(/usr/share/texlive/texmf-dist/tex/latex/auxhook/auxhook.sty
Package: auxhook 2019-12-17 v1.6 Hooks for auxiliary files (HO)
)
(/usr/share/texlive/texmf-dist/tex/latex/hyperref/nameref.sty
Package: nameref 2023-11-26 v2.56 Cross-referencing by name of section

(/usr/share/texlive/texmf-dist/tex/latex/refcount/refcount.sty
Package: refcount 2019/12/15 v3.6 Data extraction from label references (HO)
)
(/usr/share/texlive/texmf-dist/tex/generic/gettitlestring/gettitlestring.sty
Package: gettitlestring 2019/12/15 v1.6 Cleanup title references (HO)

(/usr/share/texlive/texmf-dist/tex/latex/kvoptions/kvoptions.sty
Package: kvoptions 2022-06-15 v3.15 Key value format for package options (HO)
))
\c@section@level=\count280
)
(/usr/share/texlive/texmf-dist/tex/latex/etoolbox/etoolbox.sty
Package: etoolbox 2020/10/05 v2.5k e-TeX tools for LaTeX (JAW)
\etb@tempcnta=\count281
)
\@linkdim=\dimen173
\Hy@linkcounter=\count282
\Hy@pagecounter=\count283

(/usr/share/texlive/texmf-dist/tex/latex/hyperref/pd1enc.def
File: pd1enc.def 2024-01-20 v7.01h Hyperref: PDFDocEncoding definition (HO)
Now handling font encoding PD1 ...
... no UTF-8 mapping file for font encoding PD1
)
(/usr/share/texlive/texmf-dist/tex/generic/intcalc/intcalc.sty
Package: intcalc 2019/12/15 v1.3 Expandable calculations with integers (HO)
)
\Hy@SavedSpaceFactor=\count284

(/usr/share/texlive/texmf-dist/tex/latex/hyperref/puenc.def
File: puenc.def 2024-01-20 v7.01h Hyperref: PDF Unicode definition (HO)
Now handling font encoding PU ...
... no UTF-8 mapping file for font encoding PU
)
Package hyperref Info: Option `unicode' set `true' on input line 4062.
Package hyperref Info: Hyper figures OFF on input line 4179.
Package hyperref Info: Link nesting OFF on input line 4184.
Package hyperref Info: Hyper index ON on input line 4187.
Package hyperref Info: Plain pages OFF on input line 4194.
Package hyperref Info: Backreferencing OFF on input line 4199.
Package hyperref Info: Implicit mode ON; LaTeX internals redefined.
Package hyperref Info: Bookmarks ON on input line 4446.
\c@Hy@tempcnt=\count285

(/usr/share/texlive/texmf-dist/tex/latex/url/url.sty
\Urlmuskip=\muskip17
Package: url 2013/09/16  ver 3.4  Verb mode for urls, etc.
)
LaTeX Info: Redefining \url on input line 4784.
\XeTeXLinkMargin=\dimen174

(/usr/share/texlive/texmf-dist/tex/generic/bitset/bitset.sty
Package: bitset 2019/12/09 v1.3 Handle bit-vector datatype (HO)

(/usr/share/texlive/texmf-dist/tex/generic/bigintcalc/bigintcalc.sty
Package: bigintcalc 2019/12/15 v1.5 Expandable calculations on big integers (HO
)
))
\Fld@menulength=\count286
\Field@Width=\dimen175
\Fld@charsize=\dimen176
Package hyperref Info: Hyper figures OFF on input line 6063.
Package hyperref Info: Link nesting OFF on input line 6068.
Package hyperref Info: Hyper index ON on input line 6071.
Package hyperref Info: backreferencing OFF on input line 6078.
Package hyperref Info: Link coloring OFF on input line 6083.
Package hyperref Info: Link coloring with OCG OFF on input line 6088.
Package hyperref Info: PDF/A mode OFF on input line 6093.

(/usr/share/texlive/texmf-dist/tex/latex/base/atbegshi-ltx.sty
Package: atbegshi-ltx 2021/01/10 v1.0c Emulation of the original atbegshi
package with kernel methods
)
\Hy@abspage=\count287
\c@Item=\count288
\c@Hfootnote=\count289
)
Package hyperref Info: Driver (autodetected): hpdftex.

(/usr/share/texlive/texmf-dist/tex/latex/hyperref/hpdftex.def
File: hpdftex.def 2024-01-20 v7.01h Hyperref driver for pdfTeX

(/usr/share/texlive/texmf-dist/tex/latex/base/atveryend-ltx.sty
Package: atveryend-ltx 2020/08/19 v1.0a Emulation of the original atveryend pac
kage
with kernel methods
)
\Fld@listcount=\count290
\c@bookmark@seq@number=\count291

(/usr/share/texlive/texmf-dist/tex/latex/rerunfilecheck/rerunfilecheck.sty
Package: rerunfilecheck 2022-07-10 v1.10 Rerun checks for auxiliary files (HO)

(/usr/share/texlive/texmf-dist/tex/generic/uniquecounter/uniquecounter.sty
Package: uniquecounter 2019/12/15 v1.4 Provide unlimited unique counter (HO)
)
Package uniquecounter Info: New unique counter `rerunfilecheck' on input line 2
85.
)
\Hy@SectionHShift=\skip53
)
(/usr/share/texlive/texmf-dist/tex/latex/geometry/geometry.sty
Package: geometry 2020/01/02 v5.9 Page Geometry

(/usr/share/texlive/texmf-dist/tex/generic/iftex/ifvtex.sty
Package: ifvtex 2019/10/25 v1.7 ifvtex legacy package. Use iftex instead.
)
\Gm@cnth=\count292
\Gm@cntv=\count293
\c@Gm@tempcnt=\count294
\Gm@bindingoffset=\dimen177
\Gm@wd@mp=\dimen178
\Gm@odd@mp=\dimen179
\Gm@even@mp=\dimen180
\Gm@layoutwidth=\dimen181
\Gm@layoutheight=\dimen182
\Gm@layouthoffset=\dimen183
\Gm@layoutvoffset=\dimen184
\Gm@dimlist=\toks25
)
(/usr/share/texlive/texmf-dist/tex/latex/titlesec/titlesec.sty
Package: titlesec 2023/10/27 v2.16 Sectioning titles
\ttl@box=\box53
\beforetitleunit=\skip54
\aftertitleunit=\skip55
\ttl@plus=\dimen185
\ttl@minus=\dimen186
\ttl@toksa=\toks26
\titlewidth=\dimen187
\titlewidthlast=\dimen188
\titlewidthfirst=\dimen189
)
(/usr/share/texlive/texmf-dist/tex/latex/koma-script/scrextend.sty
Package: scrextend 2023/07/07 v3.41 KOMA-Script package (extend other classes w
ith features of KOMA-Script classes)

(/usr/share/texlive/texmf-dist/tex/latex/koma-script/scrkbase.sty
Package: scrkbase 2023/07/07 v3.41 KOMA-Script package (KOMA-Script-dependent b
asics and keyval usage)

(/usr/share/texlive/texmf-dist/tex/latex/koma-script/scrbase.sty
Package: scrbase 2023/07/07 v3.41 KOMA-Script package (KOMA-Script-independent 
basics and keyval usage)

(/usr/share/texlive/texmf-dist/tex/latex/koma-script/scrlfile.sty
Package: scrlfile 2023/07/07 v3.41 KOMA-Script package (file load hooks)

(/usr/share/texlive/texmf-dist/tex/latex/koma-script/scrlfile-hook.sty
Package: scrlfile-hook 2023/07/07 v3.41 KOMA-Script package (using LaTeX hooks)


(/usr/share/texlive/texmf-dist/tex/latex/koma-script/scrlogo.sty
Package: scrlogo 2023/07/07 v3.41 KOMA-Script package (logo)
)))
Applying: [2021/05/01] Usage of raw or classic option list on input line 252.
Already applied: [0000/00/00] Usage of raw or classic option list on input line
 368.
))

LaTeX Warning: Command \@footnotemark  has changed.
               Check if current package is valid.

) (/usr/share/texlive/texmf-dist/tex/latex/tools/enumerate.sty
Package: enumerate 2023/07/04 v3.00 enumerate extensions (DPC)
\@enLab=\toks27
)
(/usr/share/texlive/texmf-dist/tex/latex/pgf/frontendlayer/tikz.sty
(/usr/share/texlive/texmf-dist/tex/latex/pgf/basiclayer/pgf.sty
(/usr/share/texlive/texmf-dist/tex/latex/pgf/utilities/pgfrcs.sty
(/usr/share/texlive/texmf-dist/tex/generic/pgf/utilities/pgfutil-common.tex
\pgfutil@everybye=\toks28
\pgfutil@tempdima=\dimen190
\pgfutil@tempdimb=\dimen191
)
(/usr/share/texlive/texmf-dist/tex/generic/pgf/utilities/pgfutil-latex.def
\pgfutil@abb=\box54
)
(/usr/share/texlive/texmf-dist/tex/generic/pgf/utilities/pgfrcs.code.tex
(/usr/share/texlive/texmf-dist/tex/generic/pgf/pgf.revision.tex)
Package: pgfrcs 2023-01-15 v3.1.10 (3.1.10)
))
Package: pgf 2023-01-15 v3.1.10 (3.1.10)

(/usr/share/texlive/texmf-dist/tex/latex/pgf/basiclayer/pgfcore.sty
(/usr/share/texlive/texmf-dist/tex/latex/pgf/systemlayer/pgfsys.sty
(/usr/share/texlive/texmf-dist/tex/generic/pgf/systemlayer/pgfsys.code.tex
Package: pgfsys 2023-01-15 v3.1.10 (3.1.10)

(/usr/share/texlive/texmf-dist/tex/generic/pgf/utilities/pgfkeys.code.tex
\pgfkeys@pathtoks=\toks29
\pgfkeys@temptoks=\toks30

(/usr/share/texlive/texmf-dist/tex/generic/pgf/utilities/pgfkeyslibraryfiltered
.code.tex
\pgfkeys@tmptoks=\toks31
))
\pgf@x=\dimen192
\pgf@y=\dimen193
\pgf@xa=\dimen194
\pgf@ya=\dimen195
\pgf@xb=\dimen196
\pgf@yb=\dimen197
\pgf@xc=\dimen198
\pgf@yc=\dimen199
\pgf@xd=\dimen256
\pgf@yd=\dimen257
\w@pgf@writea=\write3
\r@pgf@reada=\read2
\c@pgf@counta=\count295
\c@pgf@countb=\count296
\c@pgf@countc=\count297
\c@pgf@countd=\count298
\t@pgf@toka=\toks32
\t@pgf@tokb=\toks33
\t@pgf@tokc=\toks34
\pgf@sys@id@count=\count299
 (/usr/share/texlive/texmf-dist/tex/generic/pgf/systemlayer/pgf.cfg
File: pgf.cfg 2023-01-15 v3.1.10 (3.1.10)
)
Driver file for pgf: pgfsys-pdftex.def
(/usr/share/texlive/texmf-dist/tex/generic/pgf/systemlayer/pgfsys-pdftex.def
File: pgfsys-pdftex.def 2023-01-15 v3.1.10 (3.1.10)

(/usr/share/texlive/texmf-dist/tex/generic/pgf/systemlayer/pgfsys-common-pdf.de
f
File: pgfsys-common-pdf.def 2023-01-15 v3.1.10 (3.1.10)
)))
(/usr/share/texlive/texmf-dist/tex/generic/pgf/systemlayer/pgfsyssoftpath.code.
tex
File: pgfsyssoftpath.code.tex 2023-01-15 v3.1.10 (3.1.10)
\pgfsyssoftpath@smallbuffer@items=\count300
\pgfsyssoftpath@bigbuffer@items=\count301
)
(/usr/share/texlive/texmf-dist/tex/generic/pgf/systemlayer/pgfsysprotocol.code.
tex
File: pgfsysprotocol.code.tex 2023-01-15 v3.1.10 (3.1.10)
)) (/usr/share/texlive/texmf-dist/tex/latex/xcolor/xcolor.sty
Package: xcolor 2023/11/15 v3.01 LaTeX color extensions (UK)

(/usr/share/texlive/texmf-dist/tex/latex/graphics-cfg/color.cfg
File: color.cfg 2016/01/02 v1.6 sample color configuration
)
Package xcolor Info: Driver file: pdftex.def on input line 274.

(/usr/share/texlive/texmf-dist/tex/latex/graphics/mathcolor.ltx)
Package xcolor Info: Model `cmy' substituted by `cmy0' on input line 1350.
Package xcolor Info: Model `hsb' substituted by `rgb' on input line 1354.
Package xcolor Info: Model `RGB' extended on input line 1366.
Package xcolor Info: Model `HTML' substituted by `rgb' on input line 1368.
Package xcolor Info: Model `Hsb' substituted by `hsb' on input line 1369.
Package xcolor Info: Model `tHsb' substituted by `hsb' on input line 1370.
Package xcolor Info: Model `HSB' substituted by `hsb' on input line 1371.
Package xcolor Info: Model `Gray' substituted by `gray' on input line 1372.
Package xcolor Info: Model `wave' substituted by `hsb' on input line 1373.
)
(/usr/share/texlive/texmf-dist/tex/generic/pgf/basiclayer/pgfcore.code.tex
Package: pgfcore 2023-01-15 v3.1.10 (3.1.10)

(/usr/share/texlive/texmf-dist/tex/generic/pgf/math/pgfmath.code.tex
(/usr/share/texlive/texmf-dist/tex/generic/pgf/math/pgfmathutil.code.tex)
(/usr/share/texlive/texmf-dist/tex/generic/pgf/math/pgfmathparser.code.tex
\pgfmath@dimen=\dimen258
\pgfmath@count=\count302
\pgfmath@box=\box55
\pgfmath@toks=\toks35
\pgfmath@stack@operand=\toks36
\pgfmath@stack@operation=\toks37
)
(/usr/share/texlive/texmf-dist/tex/generic/pgf/math/pgfmathfunctions.code.tex)
(/usr/share/texlive/texmf-dist/tex/generic/pgf/math/pgfmathfunctions.basic.code
.tex)
(/usr/share/texlive/texmf-dist/tex/generic/pgf/math/pgfmathfunctions.trigonomet
ric.code.tex)
(/usr/share/texlive/texmf-dist/tex/generic/pgf/math/pgfmathfunctions.random.cod
e.tex)
(/usr/share/texlive/texmf-dist/tex/generic/pgf/math/pgfmathfunctions.comparison
.code.tex)
(/usr/share/texlive/texmf-dist/tex/generic/pgf/math/pgfmathfunctions.base.code.
tex)
(/usr/share/texlive/texmf-dist/tex/generic/pgf/math/pgfmathfunctions.round.code
.tex)
(/usr/share/texlive/texmf-dist/tex/generic/pgf/math/pgfmathfunctions.misc.code.
tex)
(/usr/share/texlive/texmf-dist/tex/generic/pgf/math/pgfmathfunctions.integerari
thmetics.code.tex)
(/usr/share/texlive/texmf-dist/tex/generic/pgf/math/pgfmathcalc.code.tex)
(/usr/share/texlive/texmf-dist/tex/generic/pgf/math/pgfmathfloat.code.tex
\c@pgfmathroundto@lastzeros=\count303
))
(/usr/share/texlive/texmf-dist/tex/generic/pgf/math/pgfint.code.tex)
(/usr/share/texlive/texmf-dist/tex/generic/pgf/basiclayer/pgfcorepoints.code.te
x
File: pgfcorepoints.code.tex 2023-01-15 v3.1.10 (3.1.10)
\pgf@picminx=\dimen259
\pgf@picmaxx=\dimen260
\pgf@picminy=\dimen261
\pgf@picmaxy=\dimen262
\pgf@pathminx=\dimen263
\pgf@pathmaxx=\dimen264
\pgf@pathminy=\dimen265
\pgf@pathmaxy=\dimen266
\pgf@xx=\dimen267
\pgf@xy=\dimen268
\pgf@yx=\dimen269
\pgf@yy=\dimen270
\pgf@zx=\dimen271
\pgf@zy=\dimen272
)
(/usr/share/texlive/texmf-dist/tex/generic/pgf/basiclayer/pgfcorepathconstruct.
code.tex
File: pgfcorepathconstruct.code.tex 2023-01-15 v3.1.10 (3.1.10)
\pgf@path@lastx=\dimen273
\pgf@path@lasty=\dimen274
)
(/usr/share/texlive/texmf-dist/tex/generic/pgf/basiclayer/pgfcorepathusage.code
.tex
File: pgfcorepathusage.code.tex 2023-01-15 v3.1.10 (3.1.10)
\pgf@shorten@end@additional=\dimen275
\pgf@shorten@start@additional=\dimen276
)
(/usr/share/texlive/texmf-dist/tex/generic/pgf/basiclayer/pgfcorescopes.code.te
x
File: pgfcorescopes.code.tex 2023-01-15 v3.1.10 (3.1.10)
\pgfpic=\box56
\pgf@hbox=\box57
\pgf@layerbox@main=\box58
\pgf@picture@serial@count=\count304
)
(/usr/share/texlive/texmf-dist/tex/generic/pgf/basiclayer/pgfcoregraphicstate.c
ode.tex
File: pgfcoregraphicstate.code.tex 2023-01-15 v3.1.10 (3.1.10)
\pgflinewidth=\dimen277
)
(/usr/share/texlive/texmf-dist/tex/generic/pgf/basiclayer/pgfcoretransformation
s.code.tex
File: pgfcoretransformations.code.tex 2023-01-15 v3.1.10 (3.1.10)
\pgf@pt@x=\dimen278
\pgf@pt@y=\dimen279
\pgf@pt@temp=\dimen280
)
(/usr/share/texlive/texmf-dist/tex/generic/pgf/basiclayer/pgfcorequick.code.tex
File: pgfcorequick.code.tex 2023-01-15 v3.1.10 (3.1.10)
)
(/usr/share/texlive/texmf-dist/tex/generic/pgf/basiclayer/pgfcoreobjects.code.t
ex
File: pgfcoreobjects.code.tex 2023-01-15 v3.1.10 (3.1.10)
)
(/usr/share/texlive/texmf-dist/tex/generic/pgf/basiclayer/pgfcorepathprocessing
.code.tex
File: pgfcorepathprocessing.code.tex 2023-01-15 v3.1.10 (3.1.10)
)
(/usr/share/texlive/texmf-dist/tex/generic/pgf/basiclayer/pgfcorearrows.code.te
x
File: pgfcorearrows.code.tex 2023-01-15 v3.1.10 (3.1.10)
\pgfarrowsep=\dimen281
)
(/usr/share/texlive/texmf-dist/tex/generic/pgf/basiclayer/pgfcoreshade.code.tex
File: pgfcoreshade.code.tex 2023-01-15 v3.1.10 (3.1.10)
\pgf@max=\dimen282
\pgf@sys@shading@range@num=\count305
\pgf@shadingcount=\count306
)
(/usr/share/texlive/texmf-dist/tex/generic/pgf/basiclayer/pgfcoreimage.code.tex
File: pgfcoreimage.code.tex 2023-01-15 v3.1.10 (3.1.10)
)
(/usr/share/texlive/texmf-dist/tex/generic/pgf/basiclayer/pgfcoreexternal.code.
tex
File: pgfcoreexternal.code.tex 2023-01-15 v3.1.10 (3.1.10)
\pgfexternal@startupbox=\box59
)
(/usr/share/texlive/texmf-dist/tex/generic/pgf/basiclayer/pgfcorelayers.code.te
x
File: pgfcorelayers.code.tex 2023-01-15 v3.1.10 (3.1.10)
)
(/usr/share/texlive/texmf-dist/tex/generic/pgf/basiclayer/pgfcoretransparency.c
ode.tex
File: pgfcoretransparency.code.tex 2023-01-15 v3.1.10 (3.1.10)
)
(/usr/share/texlive/texmf-dist/tex/generic/pgf/basiclayer/pgfcorepatterns.code.
tex
File: pgfcorepatterns.code.tex 2023-01-15 v3.1.10 (3.1.10)
)
(/usr/share/texlive/texmf-dist/tex/generic/pgf/basiclayer/pgfcorerdf.code.tex
File: pgfcorerdf.code.tex 2023-01-15 v3.1.10 (3.1.10)
)))
(/usr/share/texlive/texmf-dist/tex/generic/pgf/modules/pgfmoduleshapes.code.tex
File: pgfmoduleshapes.code.tex 2023-01-15 v3.1.10 (3.1.10)
\pgfnodeparttextbox=\box60
) (/usr/share/texlive/texmf-dist/tex/generic/pgf/modules/pgfmoduleplot.code.tex
File: pgfmoduleplot.code.tex 2023-01-15 v3.1.10 (3.1.10)
)
(/usr/share/texlive/texmf-dist/tex/latex/pgf/compatibility/pgfcomp-version-0-65
.sty
Package: pgfcomp-version-0-65 2023-01-15 v3.1.10 (3.1.10)
\pgf@nodesepstart=\dimen283
\pgf@nodesepend=\dimen284
)
(/usr/share/texlive/texmf-dist/tex/latex/pgf/compatibility/pgfcomp-version-1-18
.sty
Package: pgfcomp-version-1-18 2023-01-15 v3.1.10 (3.1.10)
)) (/usr/share/texlive/texmf-dist/tex/latex/pgf/utilities/pgffor.sty
(/usr/share/texlive/texmf-dist/tex/latex/pgf/utilities/pgfkeys.sty
(/usr/share/texlive/texmf-dist/tex/generic/pgf/utilities/pgfkeys.code.tex))
(/usr/share/texlive/texmf-dist/tex/latex/pgf/math/pgfmath.sty
(/usr/share/texlive/texmf-dist/tex/generic/pgf/math/pgfmath.code.tex))
(/usr/share/texlive/texmf-dist/tex/generic/pgf/utilities/pgffor.code.tex
Package: pgffor 2023-01-15 v3.1.10 (3.1.10)
\pgffor@iter=\dimen285
\pgffor@skip=\dimen286
\pgffor@stack=\toks38
\pgffor@toks=\toks39
))
(/usr/share/texlive/texmf-dist/tex/generic/pgf/frontendlayer/tikz/tikz.code.tex
Package: tikz 2023-01-15 v3.1.10 (3.1.10)

(/usr/share/texlive/texmf-dist/tex/generic/pgf/libraries/pgflibraryplothandlers
.code.tex
File: pgflibraryplothandlers.code.tex 2023-01-15 v3.1.10 (3.1.10)
\pgf@plot@mark@count=\count307
\pgfplotmarksize=\dimen287
)
\tikz@lastx=\dimen288
\tikz@lasty=\dimen289
\tikz@lastxsaved=\dimen290
\tikz@lastysaved=\dimen291
\tikz@lastmovetox=\dimen292
\tikz@lastmovetoy=\dimen293
\tikzleveldistance=\dimen294
\tikzsiblingdistance=\dimen295
\tikz@figbox=\box61
\tikz@figbox@bg=\box62
\tikz@tempbox=\box63
\tikz@tempbox@bg=\box64
\tikztreelevel=\count308
\tikznumberofchildren=\count309
\tikznumberofcurrentchild=\count310
\tikz@fig@count=\count311

(/usr/share/texlive/texmf-dist/tex/generic/pgf/modules/pgfmodulematrix.code.tex
File: pgfmodulematrix.code.tex 2023-01-15 v3.1.10 (3.1.10)
\pgfmatrixcurrentrow=\count312
\pgfmatrixcurrentcolumn=\count313
\pgf@matrix@numberofcolumns=\count314
)
\tikz@expandcount=\count315

(/usr/share/texlive/texmf-dist/tex/generic/pgf/frontendlayer/tikz/libraries/tik
zlibrarytopaths.code.tex
File: tikzlibrarytopaths.code.tex 2023-01-15 v3.1.10 (3.1.10)
)))
(/usr/share/texlive/texmf-dist/tex/latex/float/float.sty
Package: float 2001/11/08 v1.3d Float enhancements (AL)
\c@float@type=\count316
\float@exts=\toks40
\float@box=\box65
\@float@everytoks=\toks41
\@floatcapt=\box66
)
(/usr/share/texlive/texmf-dist/tex/latex/tools/afterpage.sty
Package: afterpage 2023/07/04 v1.08 After-Page Package (DPC)
\AP@output=\toks42
\AP@partial=\box67
\AP@footins=\box68
)
(/usr/share/texlive/texmf-dist/tex/latex/multirow/multirow.sty
Package: multirow 2021/03/15 v2.8 Span multiple rows of a table
\multirow@colwidth=\skip56
\multirow@cntb=\count317
\multirow@dima=\skip57
\bigstrutjot=\dimen296
)
(/usr/share/texlive/texmf-dist/tex/latex/tools/longtable.sty
Package: longtable 2023-11-01 v4.19 Multi-page Table package (DPC)
\LTleft=\skip58
\LTright=\skip59
\LTpre=\skip60
\LTpost=\skip61
\LTchunksize=\count318
\LTcapwidth=\dimen297
\LT@head=\box69
\LT@firsthead=\box70
\LT@foot=\box71
\LT@lastfoot=\box72
\LT@gbox=\box73
\LT@cols=\count319
\LT@rows=\count320
\c@LT@tables=\count321
\c@LT@chunks=\count322
\LT@p@ftn=\toks43
)
(/usr/share/texlive/texmf-dist/tex/latex/sectsty/sectsty.sty
Package: sectsty 2002/02/25 v2.0.2 Commands to change all sectional heading sty
les


LaTeX Warning: Command \underbar  has changed.
               Check if current package is valid.


LaTeX Warning: Command \underline  has changed.
               Check if current package is valid.

) (/usr/share/texlive/texmf-dist/tex/latex/tocloft/tocloft.sty
Package: tocloft 2017/08/31 v2.3i parameterised ToC, etc., typesetting
Package tocloft Info: The document has chapter divisions on input line 51.
\cftparskip=\skip62
\cftbeforetoctitleskip=\skip63
\cftaftertoctitleskip=\skip64
\cftbeforepartskip=\skip65
\cftpartnumwidth=\skip66
\cftpartindent=\skip67
\cftbeforechapskip=\skip68
\cftchapindent=\skip69
\cftchapnumwidth=\skip70
\cftbeforesecskip=\skip71
\cftsecindent=\skip72
\cftsecnumwidth=\skip73
\cftbeforesubsecskip=\skip74
\cftsubsecindent=\skip75
\cftsubsecnumwidth=\skip76
\cftbeforesubsubsecskip=\skip77
\cftsubsubsecindent=\skip78
\cftsubsubsecnumwidth=\skip79
\cftbeforeparaskip=\skip80
\cftparaindent=\skip81
\cftparanumwidth=\skip82
\cftbeforesubparaskip=\skip83
\cftsubparaindent=\skip84
\cftsubparanumwidth=\skip85
\cftbeforeloftitleskip=\skip86
\cftafterloftitleskip=\skip87
\cftbeforefigskip=\skip88
\cftfigindent=\skip89
\cftfignumwidth=\skip90
\c@lofdepth=\count323
\c@lotdepth=\count324
\cftbeforelottitleskip=\skip91
\cftafterlottitleskip=\skip92
\cftbeforetabskip=\skip93
\cfttabindent=\skip94
\cfttabnumwidth=\skip95
)
(/usr/share/texlive/texmf-dist/tex/latex/tools/calc.sty
Package: calc 2023/07/08 v4.3 Infix arithmetic (KKT,FJ)
\calc@Acount=\count325
\calc@Bcount=\count326
\calc@Adimen=\dimen298
\calc@Bdimen=\dimen299
\calc@Askip=\skip96
\calc@Bskip=\skip97
LaTeX Info: Redefining \setlength on input line 80.
LaTeX Info: Redefining \addtolength on input line 81.
\calc@Ccount=\count327
\calc@Cskip=\skip98
)
(/usr/share/texlive/texmf-dist/tex/latex/listings/listings.sty
\lst@mode=\count328
\lst@gtempboxa=\box74
\lst@token=\toks44
\lst@length=\count329
\lst@currlwidth=\dimen300
\lst@column=\count330
\lst@pos=\count331
\lst@lostspace=\dimen301
\lst@width=\dimen302
\lst@newlines=\count332
\lst@lineno=\count333
\lst@maxwidth=\dimen303

(/usr/share/texlive/texmf-dist/tex/latex/listings/lstmisc.sty
File: lstmisc.sty 2023/02/27 1.9 (Carsten Heinz)
\c@lstnumber=\count334
\lst@skipnumbers=\count335
\lst@framebox=\box75
)
(/usr/share/texlive/texmf-dist/tex/latex/listings/listings.cfg
File: listings.cfg 2023/02/27 1.9 listings configuration
))
Package: listings 2023/02/27 1.9 (Carsten Heinz)

(/usr/share/texlive/texmf-dist/tex/latex/makecell/makecell.sty
Package: makecell 2009/08/03 V0.1e Managing of Tab Column Heads and Cells

(/usr/share/texlive/texmf-dist/tex/latex/tools/array.sty
Package: array 2023/10/16 v2.5g Tabular extension package (FMi)
\col@sep=\dimen304
\ar@mcellbox=\box76
\extrarowheight=\dimen305
\NC@list=\toks45
\extratabsurround=\skip99
\backup@length=\skip100
\ar@cellbox=\box77
)
\rotheadsize=\dimen306
\c@nlinenum=\count336
\TeXr@lab=\toks46
)
(/usr/share/texlive/texmf-dist/tex/latex/natbib/natbib.sty
Package: natbib 2010/09/13 8.31b (PWD, AO)
\bibhang=\skip101
\bibsep=\skip102
LaTeX Info: Redefining \cite on input line 694.
\c@NAT@ctr=\count337
)
(/usr/share/texlive/texmf-dist/tex/generic/pgf/frontendlayer/tikz/libraries/tik
zlibrarycalc.code.tex
File: tikzlibrarycalc.code.tex 2023-01-15 v3.1.10 (3.1.10)
)
(/usr/share/texlive/texmf-dist/tex/latex/algorithms/algorithm.sty
Package: algorithm 2009/08/24 v0.1 Document Style `algorithm' - floating enviro
nment

(/usr/share/texlive/texmf-dist/tex/latex/base/ifthen.sty
Package: ifthen 2022/04/13 v1.1d Standard LaTeX ifthen package (DPC)
)
\@float@every@algorithm=\toks47
\c@algorithm=\count338
)
(/usr/share/texlive/texmf-dist/tex/latex/caption/subcaption.sty
Package: subcaption 2023/07/28 v1.6b Sub-captions (AR)
Package caption Info: New subtype `subfigure' on input line 238.
\c@subfigure=\count339
Package caption Info: New subtype `subtable' on input line 238.
\c@subtable=\count340
)
(/usr/share/texlive/texmf-dist/tex/latex/threeparttable/threeparttable.sty
Package: threeparttable 2003/06/13  v 3.0
\@tempboxb=\box78
)
(/usr/share/texlive/texmf-dist/tex/latex/bigfoot/perpage.sty
Package: perpage 2014/10/25 2.0 Reset/sort counters per page
\c@abspage=\count341
)
\c@pp@a@footnote=\count342

(/usr/share/texlive/texmf-dist/tex/latex/l3backend/l3backend-pdftex.def
File: l3backend-pdftex.def 2024-01-04 L3 backend support: PDF output (pdfTeX)
\l__color_backend_stack_int=\count343
\l__pdf_internal_box=\box79
)

LaTeX Warning: Unused global option(s):
    [13pt].

(./thesis.aux

LaTeX Warning: Label `subsec:procedures_and_metrics' multiply defined.

)
\openout1 = `thesis.aux'.

LaTeX Font Info:    Checking defaults for OML/cmm/m/it on input line 134.
LaTeX Font Info:    ... okay on input line 134.
LaTeX Font Info:    Checking defaults for OMS/cmsy/m/n on input line 134.
LaTeX Font Info:    ... okay on input line 134.
LaTeX Font Info:    Checking defaults for OT1/cmr/m/n on input line 134.
LaTeX Font Info:    ... okay on input line 134.
LaTeX Font Info:    Checking defaults for T1/cmr/m/n on input line 134.
LaTeX Font Info:    ... okay on input line 134.
LaTeX Font Info:    Checking defaults for TS1/cmr/m/n on input line 134.
LaTeX Font Info:    ... okay on input line 134.
LaTeX Font Info:    Checking defaults for OMX/cmex/m/n on input line 134.
LaTeX Font Info:    ... okay on input line 134.
LaTeX Font Info:    Checking defaults for U/cmr/m/n on input line 134.
LaTeX Font Info:    ... okay on input line 134.
LaTeX Font Info:    Checking defaults for T5/cmr/m/n on input line 134.
LaTeX Font Info:    ... okay on input line 134.
LaTeX Font Info:    Checking defaults for PD1/pdf/m/n on input line 134.
LaTeX Font Info:    ... okay on input line 134.
LaTeX Font Info:    Checking defaults for PU/pdf/m/n on input line 134.
LaTeX Font Info:    ... okay on input line 134.
 (/usr/share/texlive/texmf-dist/tex/context/base/mkii/supp-pdf.mkii
[Loading MPS to PDF converter (version 2006.09.02).]
\scratchcounter=\count344
\scratchdimen=\dimen307
\scratchbox=\box80
\nofMPsegments=\count345
\nofMParguments=\count346
\everyMPshowfont=\toks48
\MPscratchCnt=\count347
\MPscratchDim=\dimen308
\MPnumerator=\count348
\makeMPintoPDFobject=\count349
\everyMPtoPDFconversion=\toks49
) (/usr/share/texlive/texmf-dist/tex/latex/epstopdf-pkg/epstopdf-base.sty
Package: epstopdf-base 2020-01-24 v2.11 Base part for package epstopdf
Package epstopdf-base Info: Redefining graphics rule for `.eps' on input line 4
85.

(/usr/share/texlive/texmf-dist/tex/latex/latexconfig/epstopdf-sys.cfg
File: epstopdf-sys.cfg 2010/07/13 v1.3 Configuration of (r)epstopdf for TeX Liv
e
))
Package caption Info: Begin \AtBeginDocument code.
Package caption Info: float package is loaded.
Package caption Info: hyperref package is loaded.
Package caption Info: listings package is loaded.
Package caption Info: longtable package is loaded.

(/usr/share/texlive/texmf-dist/tex/latex/caption/ltcaption.sty
Package: ltcaption 2021/01/08 v1.4c longtable captions (AR)
)
Package caption Info: scrextend package is loaded.
\caption@addmargin@hsize=\dimen309
\caption@addmargin@linewidth=\dimen310
Package caption Info: threeparttable package is loaded.
Package caption Info: End \AtBeginDocument code.
Package hyperref Info: Link coloring OFF on input line 134.
 (./thesis.out)
(./thesis.out)
\@outlinefile=\write4
\openout4 = `thesis.out'.


*geometry* driver: auto-detecting
*geometry* detected driver: pdftex
*geometry* verbose mode - [ preamble ] result:
* driver: pdftex
* paper: a4paper
* layout: <same size as paper>
* layoutoffset:(h,v)=(0.0pt,0.0pt)
* modes: 
* h-part:(L,W,R)=(85.35826pt, 455.24411pt, 56.9055pt)
* v-part:(T,H,B)=(71.13188pt, 688.5567pt, 85.35826pt)
* \paperwidth=597.50787pt
* \paperheight=845.04684pt
* \textwidth=455.24411pt
* \textheight=688.5567pt
* \oddsidemargin=13.08827pt
* \evensidemargin=13.08827pt
* \topmargin=-38.1381pt
* \headheight=12.0pt
* \headsep=25.0pt
* \topskip=10.0pt
* \footskip=30.0pt
* \marginparwidth=57.0pt
* \marginparsep=11.0pt
* \columnsep=10.0pt
* \skip\footins=11.69997pt plus 5.19942pt minus 2.60054pt
* \hoffset=0.0pt
* \voffset=0.0pt
* \mag=1000
* \@twocolumnfalse
* \@twosidefalse
* \@mparswitchfalse
* \@reversemarginfalse
* (1in=72.27pt=25.4mm, 1cm=28.453pt)

\c@lstlisting=\count350
(./cover.tex
<figures/uet.jpg, id=254, 1125.20375pt x 1125.20375pt>
File: figures/uet.jpg Graphic file (type jpg)
<use figures/uet.jpg>
Package pdftex.def Info: figures/uet.jpg  used on input line 22.
(pdftex.def)             Requested size: 91.04742pt x 91.03111pt.
File: figures/uet.jpg Graphic file (type jpg)
<use figures/uet.jpg>
Package pdftex.def Info: figures/uet.jpg  used on input line 57.
(pdftex.def)             Requested size: 91.04742pt x 91.03111pt.
 [1

{/var/lib/texmf/fonts/map/pdftex/updmap/pdftex.map} <./figures/uet.jpg>])
pdfTeX warning (ext4): destination with the same identifier (name{page.}) has b
een already used, duplicate ignored
<to be read again> 
                   \relax 
l.135 \input{cover}\newpage
                           \cleardoublepage [2] (./chapters/acknowledgement.tex
)
pdfTeX warning (ext4): destination with the same identifier (name{page.}) has b
een already used, duplicate ignored
<to be read again> 
                   \relax 
l.138 \input{chapters/acknowledgement}\newpage
                                              \cleardoublepage [3


]
(./chapters/assurance.tex
Underfull \hbox (badness 10000) in paragraph at lines 23--25

 []


Overfull \hbox (13.16687pt too wide) in paragraph at lines 28--29
[]\T5/cmr/m/n/13 Le Hoang Minh 
 []

) [1


] (./chapters/abtract_en.tex) [2


] (./chapters/abtract_vi.tex) [3


]
(./thesis.toc
LaTeX Font Info:    Calculating math sizes for size <13> on input line 1.


LaTeX Font Warning: Font shape `OT1/cmr/m/n' in size <13> not available
(Font)              size <12> substituted on input line 1.


LaTeX Font Warning: Font shape `OT1/cmr/m/n' in size <6.5> not available
(Font)              size <6> substituted on input line 1.


LaTeX Font Warning: Font shape `OML/cmm/m/it' in size <13> not available
(Font)              size <12> substituted on input line 1.


LaTeX Font Warning: Font shape `OML/cmm/m/it' in size <6.5> not available
(Font)              size <6> substituted on input line 1.


LaTeX Font Warning: Font shape `OMS/cmsy/m/n' in size <13> not available
(Font)              size <12> substituted on input line 1.


LaTeX Font Warning: Font shape `OMS/cmsy/m/n' in size <6.5> not available
(Font)              size <6> substituted on input line 1.

LaTeX Font Info:    Trying to load font information for U+msa on input line 1.
(/usr/share/texlive/texmf-dist/tex/latex/amsfonts/umsa.fd
File: umsa.fd 2013/01/14 v3.01 AMS symbols A
)
LaTeX Font Info:    Trying to load font information for U+msb on input line 1.

(/usr/share/texlive/texmf-dist/tex/latex/amsfonts/umsb.fd
File: umsb.fd 2013/01/14 v3.01 AMS symbols B
) [4


] [5])
\tf@toc=\write5
\openout5 = `thesis.toc'.

 [6]
(./thesis.lof [7


])
\tf@lof=\write6
\openout6 = `thesis.lof'.

 [8] (./thesis.lot [9


])
\tf@lot=\write7
\openout7 = `thesis.lot'.

 [10] (./chapters/glossary.tex
LaTeX Font Info:    Calculating math sizes for size <10.83347> on input line 7.



LaTeX Font Warning: Font shape `OT1/cmr/m/n' in size <7.58339> not available
(Font)              size <8> substituted on input line 7.


LaTeX Font Warning: Font shape `OT1/cmr/m/n' in size <5.41673> not available
(Font)              size <5> substituted on input line 7.


LaTeX Font Warning: Font shape `OML/cmm/m/it' in size <7.58339> not available
(Font)              size <8> substituted on input line 7.


LaTeX Font Warning: Font shape `OML/cmm/m/it' in size <5.41673> not available
(Font)              size <5> substituted on input line 7.


LaTeX Font Warning: Font shape `OMS/cmsy/m/n' in size <7.58339> not available
(Font)              size <8> substituted on input line 7.


LaTeX Font Warning: Font shape `OMS/cmsy/m/n' in size <5.41673> not available
(Font)              size <5> substituted on input line 7.

) [11

] (./chapters/c1/c1_introduction.tex
Chapter 1.
[1



] [2]
<figures/how_many_slides_are_created_manually.png, id=514, 1321.93875pt x 466.7
4374pt>
File: figures/how_many_slides_are_created_manually.png Graphic file (type png)
<use figures/how_many_slides_are_created_manually.png>
Package pdftex.def Info: figures/how_many_slides_are_created_manually.png  used
 on input line 21.
(pdftex.def)             Requested size: 455.24411pt x 160.73476pt.
<figures/why_dont_teachers_make_their_own_slides.png, id=516, 1321.93875pt x 46
6.74374pt>
File: figures/why_dont_teachers_make_their_own_slides.png Graphic file (type pn
g)
<use figures/why_dont_teachers_make_their_own_slides.png>
Package pdftex.def Info: figures/why_dont_teachers_make_their_own_slides.png  u
sed on input line 28.
(pdftex.def)             Requested size: 455.24411pt x 160.73476pt.
 [3 <./figures/how_many_slides_are_created_manually.png> <./figures/why_dont_te
achers_make_their_own_slides.png>]
<figures/where_do_slides_come_from.png, id=527, 1321.93875pt x 385.44pt>
File: figures/where_do_slides_come_from.png Graphic file (type png)
<use figures/where_do_slides_come_from.png>
Package pdftex.def Info: figures/where_do_slides_come_from.png  used on input l
ine 37.
(pdftex.def)             Requested size: 455.24411pt x 132.73581pt.
<figures/issue_with_premade_slides.png, id=528, 1321.93875pt x 466.74374pt>
File: figures/issue_with_premade_slides.png Graphic file (type png)
<use figures/issue_with_premade_slides.png>
Package pdftex.def Info: figures/issue_with_premade_slides.png  used on input l
ine 44.
(pdftex.def)             Requested size: 455.24411pt x 160.73476pt.
 [4 <./figures/where_do_slides_come_from.png> <./figures/issue_with_premade_sli
des.png>]
<figures/issue_with_selfmade_slides.png, id=536, 1321.93875pt x 466.74374pt>
File: figures/issue_with_selfmade_slides.png Graphic file (type png)
<use figures/issue_with_selfmade_slides.png>
Package pdftex.def Info: figures/issue_with_selfmade_slides.png  used on input 
line 53.
(pdftex.def)             Requested size: 455.24411pt x 160.73476pt.
<figures/how_often_do_teachers_put_storytelling_elements_in.png, id=538, 1321.9
3875pt x 466.74374pt>
File: figures/how_often_do_teachers_put_storytelling_elements_in.png Graphic fi
le (type png)
<use figures/how_often_do_teachers_put_storytelling_elements_in.png>
Package pdftex.def Info: figures/how_often_do_teachers_put_storytelling_element
s_in.png  used on input line 62.
(pdftex.def)             Requested size: 455.24411pt x 160.73476pt.
 [5 <./figures/issue_with_selfmade_slides.png> <./figures/how_often_do_teachers
_put_storytelling_elements_in.png>]
<figures/edlora_product_positioning.png, id=548, 1445.4pt x 813.0375pt>
File: figures/edlora_product_positioning.png Graphic file (type png)
<use figures/edlora_product_positioning.png>
Package pdftex.def Info: figures/edlora_product_positioning.png  used on input 
line 75.
(pdftex.def)             Requested size: 455.24411pt x 256.07095pt.
 [6 <./figures/edlora_product_positioning.png (PNG copy)>] [7]) [8]
(./chapters/c2/c2_chapter.tex
Chapter 2.
[9



] [10] [11]
Overfull \hbox (13.54117pt too wide) in paragraph at lines 43--44
\T5/cmr/m/it/13 Gam-i-fi-ca-tion: The ef-fect on stu-dent mo-ti-va-tion and per
-for-mance at the post-secondary
 []

[12] [13]

LaTeX Font Warning: Font shape `OT1/cmr/bx/n' in size <13> not available
(Font)              size <12> substituted on input line 66.


LaTeX Font Warning: Font shape `OT1/cmr/bx/n' in size <6.5> not available
(Font)              size <6> substituted on input line 66.

[14]

Package natbib Warning: Citation `yao2022react' on page 15 undefined on input l
ine 78.

[15] [16]
Overfull \hbox (2.81699pt too wide) in paragraph at lines 96--97
\T5/cmr/m/n/13 A declar-a-tive, component-based ren-der-ing paradigm re-solves 
this struc-tural fragility
 []

[17] [18]

LaTeX Warning: Reference `fig:wsgi_architecture' on page 19 undefined on input 
line 122.


LaTeX Warning: Reference `fig:asgi_architecture' on page 19 undefined on input 
line 124.


Overfull \hbox (1.57896pt too wide) in paragraph at lines 130--131
\T5/cmr/m/n/13 through an Object-Relational Map-per en-sures de-vel-op-ers in-t
er-act with the database
 []

[19] [20]) [21] (./chapters/c3/c3_chapter.tex
Chapter 3.
<figures/use_case_diagram.png, id=642, 990.70125pt x 1160.335pt>
File: figures/use_case_diagram.png Graphic file (type png)
<use figures/use_case_diagram.png>
Package pdftex.def Info: figures/use_case_diagram.png  used on input line 23.
(pdftex.def)             Requested size: 455.24411pt x 533.19402pt.
[22



] [23 <./figures/use_case_diagram.png>] [24] [25] [26] [27] [28] [29]
LaTeX Font Info:    Trying to load font information for T5+cmtt on input line 2
80.

(/usr/share/texlive/texmf-dist/tex/latex/vntex/t5cmtt.fd
File: t5cmtt.fd 1999/05/25 v2.5h Standard LaTeX font definitions
)
Underfull \hbox (badness 10000) in paragraph at lines 280--281
[]|\T5/cmr/bx/n/13 Assistant: \T5/cmr/m/n/13 Here is the plant cell di-a-gram: 
\T5/cmtt/m/n/13 ![plant
 []

[30] [31] [32] [33] [34]

Package natbib Warning: Citation `nextJsDocumentation' on page 35 undefined on 
input line 377.


Package natbib Warning: Citation `fastapiDocumentation' on page 35 undefined on
 input line 377.

[35]

Package natbib Warning: Citation `whatwgServerSentEvents' on page 36 undefined 
on input line 379.


Package natbib Warning: Citation `clerkDocumentation' on page 36 undefined on i
nput line 379.


Package natbib Warning: Citation `lewis2020retrievalAugmentedGeneration' on pag
e 36 undefined on input line 388.


Package natbib Warning: Citation `langgraphThinkingInLangGraph' on page 36 unde
fined on input line 393.

[36]
<figures/high_level_mas_architecture.png, id=721, 2044.63875pt x 3874.475pt>
File: figures/high_level_mas_architecture.png Graphic file (type png)
<use figures/high_level_mas_architecture.png>
Package pdftex.def Info: figures/high_level_mas_architecture.png  used on input
 line 404.
(pdftex.def)             Requested size: 273.14923pt x 517.59256pt.
 [37]
<figures/lesson_director_mas_architecture.png, id=727, 4334.1925pt x 5984.3575p
t>
File: figures/lesson_director_mas_architecture.png Graphic file (type png)
<use figures/lesson_director_mas_architecture.png>
Package pdftex.def Info: figures/lesson_director_mas_architecture.png  used on 
input line 411.
(pdftex.def)             Requested size: 473.4508pt x 653.62437pt.

Overfull \hbox (18.2067pt too wide) in paragraph at lines 411--412
 [][] 
 []

[38 <./figures/high_level_mas_architecture.png>]
<figures/lesson_developer_mas_architecture.png, id=733, 1244.65pt x 2318.6625pt
>
File: figures/lesson_developer_mas_architecture.png Graphic file (type png)
<use figures/lesson_developer_mas_architecture.png>
Package pdftex.def Info: figures/lesson_developer_mas_architecture.png  used on
 input line 418.
(pdftex.def)             Requested size: 273.14923pt x 508.83366pt.
 [39 <./figures/lesson_director_mas_architecture.png>]

LaTeX Font Warning: Font shape `TS1/cmr/m/n' in size <13> not available
(Font)              size <12> substituted on input line 452.

[40 <./figures/lesson_developer_mas_architecture.png>] [41{/usr/share/texmf/fon
ts/enc/dvips/cm-super/cm-super-ts1.enc}] [42] [43] [44] [45] [46] [47] [48]
Underfull \hbox (badness 10000) in paragraph at lines 898--898
[]|\T5/cmr/bx/n/13 Conversation his-
 []


Package natbib Warning: Citation `lewis2020retrievalAugmentedGeneration' on pag
e 49 undefined on input line 918.

[49]
<figures/rag_design_architecture.png, id=786, 4424.53pt x 6710.06876pt>
File: figures/rag_design_architecture.png Graphic file (type png)
<use figures/rag_design_architecture.png>
Package pdftex.def Info: figures/rag_design_architecture.png  used on input lin
e 928.
(pdftex.def)             Requested size: 437.0374pt x 662.75282pt.
 [50]
Overfull \vbox (2.7017pt too high) has occurred while \output is active []


[51 <./figures/rag_design_architecture.png>]
Overfull \hbox (11.57266pt too wide) in alignment at lines 942--948
 [] [] [] [] 
 []


Overfull \hbox (11.57266pt too wide) in alignment at lines 948--952
 [] [] [] [] 
 []


Underfull \hbox (badness 10000) in paragraph at lines 953--953
[]|\T5/cmr/m/n/13 Bearer re-
 []


Underfull \hbox (badness 6758) in paragraph at lines 953--954
[]|\T5/cmr/m/n/13 Returns the cur-rent
 []


Underfull \hbox (badness 10000) in paragraph at lines 953--954
\T5/cmr/m/n/13 syn-chro-niz-ing from
 []


Underfull \hbox (badness 10000) in paragraph at lines 954--954
[]|\T5/cmr/m/n/13 Bearer re-
 []


Underfull \hbox (badness 1348) in paragraph at lines 954--955
\T5/cmr/m/n/13 ed-u-ca-tional level and
 []


Underfull \hbox (badness 6961) in paragraph at lines 954--955
\T5/cmr/m/n/13 text-book set pref-er-
 []


Underfull \hbox (badness 10000) in paragraph at lines 955--955
[]|\T5/cmr/m/n/13 Bearer op-
 []


Underfull \hbox (badness 2359) in paragraph at lines 956--957
[]|\T5/cmr/m/n/13 Reads a pub-lic user
 []


Underfull \hbox (badness 10000) in paragraph at lines 957--957
[]|\T5/cmr/m/n/13 Bearer re-
 []


Underfull \hbox (badness 3668) in paragraph at lines 957--958
[]|\T5/cmr/m/n/13 Returns a pag-i-nated
 []


Underfull \hbox (badness 10000) in paragraph at lines 959--959
[]|\T5/cmr/m/n/13 Bearer re-
 []


Underfull \hbox (badness 10000) in paragraph at lines 959--960
[]|\T5/cmr/m/n/13 Lists the call-ing
 []


Underfull \hbox (badness 2368) in paragraph at lines 959--960
\T5/cmr/m/n/13 teacher's lessons, or-
 []


Underfull \hbox (badness 10000) in paragraph at lines 960--960
[]|\T5/cmr/m/n/13 Bearer re-
 []


Underfull \hbox (badness 1303) in paragraph at lines 960--961
\T5/cmr/m/n/13 les-son. Re-quires an
 []


Underfull \hbox (badness 7925) in paragraph at lines 960--961
\T5/cmr/m/n/13 idem-po-tency key to
 []


Overfull \hbox (5.7293pt too wide) in paragraph at lines 961--961
[]|\T5/cmtt/m/n/13 /api/lessons/{lesson_id}| 
 []


Underfull \hbox (badness 10000) in paragraph at lines 961--961
[]|\T5/cmr/m/n/13 Bearer re-
 []


Underfull \hbox (badness 3679) in paragraph at lines 961--962
[]|\T5/cmr/m/n/13 Fetches the full de-
 []


Overfull \hbox (5.7293pt too wide) in paragraph at lines 962--962
[]|\T5/cmtt/m/n/13 /api/lessons/{lesson_id}| 
 []


Underfull \hbox (badness 10000) in paragraph at lines 962--962
[]|\T5/cmr/m/n/13 Bearer re-
 []


Underfull \hbox (badness 3039) in paragraph at lines 962--963
\T5/cmr/m/n/13 to the les-son name,
 []


Overfull \hbox (5.7293pt too wide) in paragraph at lines 963--963
[]|\T5/cmtt/m/n/13 /api/lessons/{lesson_id}| 
 []


Underfull \hbox (badness 10000) in paragraph at lines 963--963
[]|\T5/cmr/m/n/13 Bearer re-
 []


Underfull \hbox (badness 1590) in paragraph at lines 963--964
\T5/cmr/m/n/13 cas-cades the dele-tion
 []


Underfull \hbox (badness 10000) in paragraph at lines 964--964
[]|\T5/cmr/m/n/13 Bearer re-
 []


Underfull \hbox (badness 1097) in paragraph at lines 964--965
[]|\T5/cmr/m/n/13 Proxies the con-ver-sa-
 []


Underfull \hbox (badness 10000) in paragraph at lines 964--965
\T5/cmr/m/n/13 back Server-Sent
 []


Underfull \hbox (badness 10000) in paragraph at lines 965--965
[]|\T5/cmr/m/n/13 Bearer re-
 []


Underfull \hbox (badness 1845) in paragraph at lines 965--966
\T5/cmr/m/n/13 pub-lic URL and file
 []


Underfull \hbox (badness 6141) in paragraph at lines 965--966
\T5/cmr/m/n/13 meta-data upon suc-
 []


Overfull \hbox (11.57266pt too wide) in alignment at lines 952--967
 [] [] [] [] 
 []

[52] [53]
<figures/er_diagram.png, id=808, 3387.65625pt x 1303.87125pt>
File: figures/er_diagram.png Graphic file (type png)
<use figures/er_diagram.png>
Package pdftex.def Info: figures/er_diagram.png  used on input line 975.
(pdftex.def)             Requested size: 473.4508pt x 182.2224pt.

Overfull \hbox (18.2067pt too wide) in paragraph at lines 975--976
 [][] 
 []


Overfull \hbox (11.57266pt too wide) in alignment at lines 982--988
 [] [] [] [] 
 []


Overfull \hbox (11.57266pt too wide) in alignment at lines 988--992
 [] [] [] [] 
 []


Underfull \hbox (badness 2221) in paragraph at lines 993--994
[]|\T5/cmr/m/n/13 The Clerk user iden-ti-fier
 []


Underfull \hbox (badness 10000) in paragraph at lines 995--995
[]|\T5/cmr/m/n/13 string, nul-
 []


Overfull \hbox (9.27171pt too wide) in paragraph at lines 996--996
[]|\T5/cmtt/m/n/13 education_level| 
 []


Underfull \hbox (badness 10000) in paragraph at lines 996--996
[]|\T5/cmr/m/n/13 string, nul-
 []


Underfull \hbox (badness 1546) in paragraph at lines 996--997
[]|\T5/cmr/m/n/13 The tar-get teach-ing level
 []


Underfull \hbox (badness 2237) in paragraph at lines 996--997
\T5/cmr/m/n/13 cap-tured dur-ing on-board-
 []


Underfull \hbox (badness 10000) in paragraph at lines 997--997
[]|\T5/cmr/m/n/13 string, nul-
 []


Overfull \hbox (11.57266pt too wide) in alignment at lines 992--1000
 [] [] [] [] 
 []

[54 <./figures/er_diagram.png>]
Overfull \hbox (11.5796pt too wide) in alignment at lines 1004--1010
 [] [] [] [] 
 []


Overfull \hbox (11.5796pt too wide) in alignment at lines 1010--1014
 [] [] [] [] 
 []


Underfull \hbox (badness 10000) in paragraph at lines 1017--1017
[]|\T5/cmr/m/n/13 FK to
 []


Overfull \hbox (33.6046pt too wide) in paragraph at lines 1018--1018
[]|\T5/cmtt/m/n/13 background_image_url| 
 []


Underfull \hbox (badness 10000) in paragraph at lines 1018--1018
[]|\T5/cmr/m/n/13 string, nul-
 []


Overfull \hbox (33.6046pt too wide) in paragraph at lines 1019--1019
[]|\T5/cmtt/m/n/13 background_audio_url| 
 []


Underfull \hbox (badness 10000) in paragraph at lines 1019--1019
[]|\T5/cmr/m/n/13 string, nul-
 []


Overfull \hbox (11.5796pt too wide) in alignment at lines 1014--1021
 [] [] [] [] 
 []


Overfull \hbox (20.68643pt too wide) in alignment at lines 1023--1029
 [] [] [] [] 
 []


Overfull \hbox (20.68643pt too wide) in alignment at lines 1029--1033
 [] [] [] [] 
 []


Underfull \hbox (badness 10000) in paragraph at lines 1035--1035
[]|\T5/cmr/m/n/13 FK to
 []


Overfull \hbox (20.68643pt too wide) in alignment at lines 1033--1040
 [] [] [] [] 
 []

[55]
Overfull \hbox (20.68643pt too wide) in alignment at lines 1044--1050
 [] [] [] [] 
 []


Overfull \hbox (20.68643pt too wide) in alignment at lines 1050--1054
 [] [] [] [] 
 []


Underfull \hbox (badness 10000) in paragraph at lines 1056--1056
[]|\T5/cmr/m/n/13 FK to
 []


Underfull \hbox (badness 1348) in paragraph at lines 1057--1058
[]|\T5/cmr/m/n/13 An ar-ray con-tain-ing the se-
 []


Overfull \hbox (20.68643pt too wide) in alignment at lines 1054--1059
 [] [] [] [] 
 []


Overfull \hbox (20.67949pt too wide) in alignment at lines 1063--1069
 [] [] [] [] 
 []


Overfull \hbox (20.67949pt too wide) in alignment at lines 1069--1073
 [] [] [] [] 
 []


Underfull \hbox (badness 10000) in paragraph at lines 1076--1076
[]|\T5/cmr/m/n/13 string, nul-
 []


Underfull \hbox (badness 10000) in paragraph at lines 1077--1077
[]|\T5/cmr/m/n/13 string, nul-
 []


Overfull \hbox (20.67949pt too wide) in alignment at lines 1073--1081
 [] [] [] [] 
 []

[56]

Package natbib Warning: Citation `clerkDocumentation' on page 57 undefined on i
nput line 1093.

[57]

Package natbib Warning: Citation `nextJsDocumentation' on page 58 undefined on 
input line 1109.

[58]

Package natbib Warning: Citation `fastapiDocumentation' on page 59 undefined on
 input line 1130.

[59] [60]

Package natbib Warning: Citation `whatwgServerSentEvents' on page 61 undefined 
on input line 1172.


Package natbib Warning: Citation `lewis2020retrievalAugmentedGeneration' on pag
e 61 undefined on input line 1172.

[61]) [62] (./chapters/c4/c4_chapter.tex
Chapter 4.

LaTeX Warning: Reference `chap:edlora_lde' on page 63 undefined on input line 5
.


LaTeX Warning: Reference `fig:testing_pyramid' on page 63 undefined on input li
ne 17.

[63



] [64]
Underfull \hbox (badness 10000) in paragraph at lines 38--38
[]|\T5/cmr/bx/n/13 Measurement Tool-
 []


Underfull \hbox (badness 10000) in paragraph at lines 38--39
[]|\T5/cmr/bx/n/13 Branch
 []


Overfull \hbox (4.47275pt too wide) in paragraph at lines 36--47
 [][] 
 []


Underfull \hbox (badness 10000) in paragraph at lines 61--62
[]|\T5/cmr/m/n/13 Failed
 []


Underfull \hbox (badness 5681) in paragraph at lines 73--73
[]|\T5/cmr/m/n/13 The pre-sen-ta-tion jour-ney al-lows nav-i-ga-tion
 []


Underfull \hbox (badness 10000) in paragraph at lines 73--74
[]|\T5/cmr/m/n/13 Coverage
 []

[65] [66] [67] [68]
Underfull \hbox (badness 1057) in paragraph at lines 139--140
[]|\T5/cmr/m/n/13 Uses pgvec-tor co-sine dis-tance queries to pro-duce
 []


Underfull \hbox (badness 1596) in paragraph at lines 141--142
[]|\T5/cmr/m/n/13 Utilizes \T5/cmtt/m/n/13 text-embedding-3-small \T5/cmr/m/n/1
3 to en-code user
 []

[69]
Underfull \hbox (badness 10000) in paragraph at lines 180--180
[]|\T5/cmr/m/n/13 TBD-
 []


Underfull \hbox (badness 10000) in paragraph at lines 180--180
\T5/cmr/m/n/13 LANGSMITH-
 []


Underfull \hbox (badness 10000) in paragraph at lines 180--180
\T5/cmr/m/n/13 VANILLA-
 []


Underfull \hbox (badness 10000) in paragraph at lines 180--180
[]|\T5/cmr/m/n/13 TBD-
 []


Underfull \hbox (badness 10000) in paragraph at lines 180--180
\T5/cmr/m/n/13 LANGSMITH-
 []


Underfull \hbox (badness 10000) in paragraph at lines 180--180
\T5/cmr/m/n/13 AGENTIC-
 []


Underfull \hbox (badness 10000) in paragraph at lines 182--182
[]|\T5/cmr/m/n/13 TBD-
 []


Underfull \hbox (badness 10000) in paragraph at lines 182--182
\T5/cmr/m/n/13 LANGSMITH-
 []


Underfull \hbox (badness 10000) in paragraph at lines 182--182
\T5/cmr/m/n/13 VANILLA-
 []


Underfull \hbox (badness 10000) in paragraph at lines 182--182
[]|\T5/cmr/m/n/13 TBD-
 []


Underfull \hbox (badness 10000) in paragraph at lines 182--182
\T5/cmr/m/n/13 LANGSMITH-
 []


Underfull \hbox (badness 10000) in paragraph at lines 182--182
\T5/cmr/m/n/13 AGENTIC-
 []


Underfull \hbox (badness 10000) in paragraph at lines 184--184
[]|\T5/cmr/m/n/13 TBD-
 []


Underfull \hbox (badness 10000) in paragraph at lines 184--184
\T5/cmr/m/n/13 LANGSMITH-
 []


Underfull \hbox (badness 10000) in paragraph at lines 184--184
[]|\T5/cmr/m/n/13 TBD-
 []


Underfull \hbox (badness 10000) in paragraph at lines 184--184
\T5/cmr/m/n/13 LANGSMITH-
 []


Underfull \hbox (badness 5175) in paragraph at lines 186--186
\T5/cmr/m/n/13 does not gen-er-ate
 []


Underfull \hbox (badness 10000) in paragraph at lines 186--186
[]|\T5/cmr/m/n/13 TBD-
 []


Underfull \hbox (badness 10000) in paragraph at lines 186--186
\T5/cmr/m/n/13 LANGSMITH-
 []


Underfull \hbox (badness 10000) in paragraph at lines 186--186
\T5/cmr/m/n/13 AGENTIC-
 []


Underfull \hbox (badness 10000) in paragraph at lines 188--188
[]|\T5/cmr/m/n/13 TBD-
 []


Underfull \hbox (badness 10000) in paragraph at lines 188--188
\T5/cmr/m/n/13 LANGSMITH-
 []


Underfull \hbox (badness 10000) in paragraph at lines 188--188
[]|\T5/cmr/m/n/13 TBD-
 []


Underfull \hbox (badness 10000) in paragraph at lines 188--188
\T5/cmr/m/n/13 LANGSMITH-
 []


Underfull \hbox (badness 10000) in paragraph at lines 190--190
[]|\T5/cmr/m/n/13 TBD-
 []


Underfull \hbox (badness 10000) in paragraph at lines 190--190
\T5/cmr/m/n/13 LANGSMITH-
 []


Underfull \hbox (badness 10000) in paragraph at lines 190--190
\T5/cmr/m/n/13 VANILLA-
 []


Underfull \hbox (badness 10000) in paragraph at lines 190--190
[]|\T5/cmr/m/n/13 TBD-
 []


Underfull \hbox (badness 10000) in paragraph at lines 190--190
\T5/cmr/m/n/13 LANGSMITH-
 []


Underfull \hbox (badness 10000) in paragraph at lines 190--190
\T5/cmr/m/n/13 AGENTIC-
 []

[70] [71]) [72] [73] (./chapters/conclusion.tex
Chapter 5.
[74



] [75] [76] [77]) [78] (./thesis.bbl) [79



]

Package natbib Warning: There were undefined citations.

(./thesis.aux)
 ***********
LaTeX2e <2023-11-01> patch level 1
L3 programming layer <2024-01-22>
 ***********


LaTeX Font Warning: Size substitutions with differences
(Font)              up to 1.0pt have occurred.


LaTeX Warning: There were undefined references.


LaTeX Warning: There were multiply-defined labels.

Package rerunfilecheck Info: File `thesis.out' has not changed.
(rerunfilecheck)             Checksum: C541BAEB0280D5616CBF9FF48993E217;10803.
 ) 
Here is how much of TeX's memory you used:
 27571 strings out of 474222
 496318 string characters out of 5748733
 1944975 words of memory out of 5000000
 49083 multiletter control sequences out of 15000+600000
 587270 words of font info for 94 fonts, out of 8000000 for 9000
 1141 hyphenation exceptions out of 8191
 108i,16n,107p,2617b,570s stack positions out of 10000i,1000n,20000p,200000b,200000s
</usr/share/texlive/texmf-dist/fonts/type1/public/amsfonts/cm/cmbx12.pfb></us
r/share/texlive/texmf-dist/fonts/type1/public/amsfonts/cm/cmex10.pfb></usr/shar
e/texlive/texmf-dist/fonts/type1/public/amsfonts/cm/cmmi12.pfb></usr/share/texl
ive/texmf-dist/fonts/type1/public/amsfonts/cm/cmmi9.pfb></usr/share/texlive/tex
mf-dist/fonts/type1/public/amsfonts/cm/cmr12.pfb></usr/share/texlive/texmf-dist
/fonts/type1/public/amsfonts/cm/cmr9.pfb></usr/share/texlive/texmf-dist/fonts/t
ype1/public/amsfonts/cm/cmsy10.pfb></usr/share/texmf/fonts/type1/public/cm-supe
r/sfrm1200.pfb></usr/share/texlive/texmf-dist/fonts/type1/vntex/vnr/vnbx12.pfb>
</usr/share/texlive/texmf-dist/fonts/type1/vntex/vnr/vnbxti10.pfb></usr/share/t
exlive/texmf-dist/fonts/type1/vntex/vnr/vnr10.pfb></usr/share/texlive/texmf-dis
t/fonts/type1/vntex/vnr/vnr12.pfb></usr/share/texlive/texmf-dist/fonts/type1/vn
tex/vnr/vnr9.pfb></usr/share/texlive/texmf-dist/fonts/type1/vntex/vnr/vnti12.pf
b></usr/share/texlive/texmf-dist/fonts/type1/vntex/vnr/vntt12.pfb>
Output written on thesis.pdf (93 pages, 1969594 bytes).
PDF statistics:
 1067 PDF objects out of 1200 (max. 8388607)
 906 compressed objects within 10 object streams
 235 named destinations out of 1000 (max. 500000)
 587 words of extra memory for PDF output out of 10000 (max. 10000000)

